Aligning contigs to reference...
	Aligning contigs to the reference
Filtering alignments...
Parsing coords...
Loading reference...
	Loaded [CP094298.1]
	Loaded [CP094299.1]
	Total Regions: 2
	Total Region Length: 9660595
Analyzing contigs...
CONTIG: contig_2_pilon (9361213bp)
Best alignment score: 4911388.0 (LEN: 4911388, IDY: 100.00), Total number of alignments: 2
			Looking for the best set of alignments (out of 2 total alignments)
			The best set is below. Score: 9361213.0, number of alignments: 2, unaligned bases: 0
		This contig is misassembled.
			Excluding internal overlap of size 5 between Alignment 1 and 2: 4918138 9367995 | 4911384 9361213 | 4449858 4449830 --> 4918143 9367995 | 4911389 9361213 | 4449853 4449825
			Real Alignment 1: 22 4911439 | 1 4911388 | 4911418 4911388 | 100.0 | CP094298.1 contig_2_pilon
			  Indel (> 5bp) between these two alignments: deletion of length 43; 0 mismatches (number of Ns: 0) [linear representation of circular genome]
			Real Alignment 2: 4918143 9367995 | 4911389 9361213 | 4449853 4449825 | 100.0 | CP094298.1 contig_2_pilon

CONTIG: contig_3_pilon (292569bp)
Best alignment score: 292562.0 (LEN: 292562, IDY: 100.00), Total number of alignments: 1
		One align captures most of this contig: 15 292574 | 8 292569 | 292560 292562 | 100.0 | CP094299.1 contig_3_pilon

Analyzing coverage...
Writing SNPs into /home/lukasa/Genome_analysis_project/04-mapping_polishing/R7_polished_assembly/contigs_reports/minimap_output/polished_assembly_72.used_snps.gz

Analysis is finished!
Founded SNPs were written into /home/lukasa/Genome_analysis_project/04-mapping_polishing/R7_polished_assembly/contigs_reports/minimap_output/polished_assembly_72.used_snps.gz

Results:
	Local Misassemblies: 0
	Misassemblies: 0
		Relocations: 0
		Translocations: 0
		Inversions: 0
	Scaffold gap extensive misassemblies: 0
	Scaffold gap local misassemblies: 0
	Misassembled Contigs: 0
	Misassembled Contig Bases: 0
	Misassemblies Inter-Contig Overlap: 0
Unaligned Contigs: 0 + 0 part
Half Unaligned Contigs with Misassemblies: 0
Unaligned Contig Bases: 0

Ambiguously Mapped Contigs: 0
Total Bases in Ambiguously Mapped Contigs: 0
Extra Bases in Ambiguously Mapped Contigs: 0
Note that --allow-ambiguity option was set to "one" and only first alignment per each of these contigs was used.

	Covered Bases: 9653831

	SNPs: 23
	Insertions: 12
	Deletions: 111

