[15:11:38] This is prokka 1.14.6
[15:11:38] Written by Torsten Seemann <torsten.seemann@gmail.com>
[15:11:38] Homepage is https://github.com/tseemann/prokka
[15:11:38] Local time is Fri Apr 25 15:11:38 2025
[15:11:38] You are lukasa
[15:11:38] Operating system is linux
[15:11:38] You have BioPerl 1.007001
[15:11:38] System has 16 cores.
[15:11:38] Will use maximum of 4 cores.
[15:11:38] Annotating as >>> Bacteria <<<
[15:11:38] Generating locus_tag from '/home/lukasa/Genome_analysis_project/04-mapping_polishing/polished_assembly_66.fasta' contents.
[15:11:38] Setting --locustag HFFIBJOL from MD5 1ff2b385b6b3705f45144d2dd8aa80f3
[15:11:38] Creating new output folder: HP126_prokka_output
[15:11:38] Running: mkdir -p HP126_prokka_output
[15:11:38] Using filename prefix: output_name.XXX
[15:11:38] Setting HMMER_NCPU=1
[15:11:38] Writing log to: HP126_prokka_output/output_name.log
[15:11:38] Command: /sw/bioinfo/prokka/1.45-5b58020/snowy/bin/prokka --cpus 4 --outdir HP126_prokka_output --prefix output_name /home/lukasa/Genome_analysis_project/04-mapping_polishing/polished_assembly_66.fasta
[15:11:38] Appending to PATH: /sw/bioinfo/prokka/1.45-5b58020/rackham/bin/../binaries/linux
[15:11:38] Appending to PATH: /sw/bioinfo/prokka/1.45-5b58020/rackham/bin/../binaries/linux/../common
[15:11:38] Appending to PATH: /sw/bioinfo/prokka/1.45-5b58020/rackham/bin
[15:11:38] Looking for 'aragorn' - found /sw/bioinfo/prokka/1.45-5b58020/rackham/bin/../binaries/linux/aragorn
[15:11:38] Determined aragorn version is 001002 from 'ARAGORN v1.2.38 Dean Laslett'
[15:11:38] Looking for 'barrnap' - found /sw/bioinfo/barrnap/0.8/snowy/bin/barrnap
[15:11:38] Determined barrnap version is 000008 from 'barrnap 0.8'
[15:11:38] Looking for 'blastp' - found /sw/bioinfo/blast/2.11.0+/snowy/bin/blastp
[15:11:38] Determined blastp version is 002011 from 'blastp: 2.11.0+'
[15:11:38] Looking for 'cmpress' - found /sw/bioinfo/prokka/1.45-5b58020/rackham/bin/../binaries/linux/cmpress
[15:11:38] Determined cmpress version is 001001 from '# INFERNAL 1.1.2 (July 2016)'
[15:11:38] Looking for 'cmscan' - found /sw/bioinfo/prokka/1.45-5b58020/rackham/bin/../binaries/linux/cmscan
[15:11:38] Determined cmscan version is 001001 from '# INFERNAL 1.1.2 (July 2016)'
[15:11:38] Looking for 'egrep' - found /usr/bin/egrep
[15:11:38] Looking for 'find' - found /usr/bin/find
[15:11:38] Looking for 'grep' - found /usr/bin/grep
[15:11:38] Looking for 'hmmpress' - found /sw/bioinfo/hmmer/3.1b2/snowy/bin/hmmpress
[15:11:38] Determined hmmpress version is 003001 from '# HMMER 3.1b2 (February 2015); http://hmmer.org/'
[15:11:38] Looking for 'hmmscan' - found /sw/bioinfo/hmmer/3.1b2/snowy/bin/hmmscan
[15:11:38] Determined hmmscan version is 003001 from '# HMMER 3.1b2 (February 2015); http://hmmer.org/'
[15:11:38] Looking for 'java' - found /usr/bin/java
[15:11:38] Looking for 'makeblastdb' - found /sw/bioinfo/blast/2.11.0+/snowy/bin/makeblastdb
[15:11:39] Determined makeblastdb version is 002011 from 'makeblastdb: 2.11.0+'
[15:11:39] Looking for 'minced' - found /sw/bioinfo/minced/0.2.0/snowy/minced
[15:11:39] Determined minced version is 002000 from 'minced 0.2.0'
[15:11:39] Looking for 'parallel' - found /sw/parallel/gnuparallel/20170122/snowy/bin/parallel
[15:11:39] Determined parallel version is 20170122 from 'GNU parallel 20170122'
[15:11:39] Looking for 'prodigal' - found /sw/bioinfo/prodigal/2.6.3/snowy/bin/prodigal
[15:11:40] Determined prodigal version is 002006 from 'Prodigal V2.6.3: February, 2016'
[15:11:40] Looking for 'prokka-genbank_to_fasta_db' - found /sw/bioinfo/prokka/1.45-5b58020/snowy/bin/prokka-genbank_to_fasta_db
[15:11:40] Looking for 'sed' - found /usr/bin/sed
[15:11:40] Looking for 'signalp' - found /sw/bioinfo/SignalP/4.1f/snowy/signalp
[15:11:40] Determined signalp version is 004001 from '4.1 9916861'
[15:11:40] Looking for 'tbl2asn' - found /sw/bioinfo/tbl2asn/25.8/snowy/tbl2asn
[15:11:40] Determined tbl2asn version is 025008 from 'tbl2asn 25.8   arguments:'
[15:11:40] Using genetic code table 11.
[15:11:40] Loading and checking input file: /home/lukasa/Genome_analysis_project/04-mapping_polishing/polished_assembly_66.fasta
[15:11:40] Wrote 4 contigs totalling 8771744 bp.
[15:11:40] Predicting tRNAs and tmRNAs
[15:11:40] Running: aragorn -l -gc11  -w HP126_prokka_output\/output_name\.fna
[15:11:50] 1 tRNA-Thr c[293125,293219] 35 (cgt)
[15:11:50] 2 tRNA-Trp [490115,490208] 33 (cca)
[15:11:50] 3 tRNA-Gly c[522709,522790] 35 (gcc)
[15:11:50] 4 tRNA-Gly [937246,937328] 35 (ccc)
[15:11:50] 5 tRNA-Arg c[1350996,1351080] 30 (tcg)
[15:11:50] 6 tRNA-Thr c[1515596,1515669] 34 (ggt)
[15:11:50] 7 tRNA-Ala [1577775,1577870] 36 (agc)
[15:11:50] 8 tRNA-Arg c[1698946,1699039] 34 (tcg)
[15:11:50] 9 tRNA-Glu c[1724045,1724118] 35 (ctc)
[15:11:50] 10 tRNA-Gln c[1724155,1724227] 34 (ctg)
[15:11:50] 11 tRNA-Glu c[1724243,1724316] 35 (ctc)
[15:11:50] 12 tRNA-Glu c[1724379,1724452] 35 (ctc)
[15:11:50] 13 tRNA-Gln c[1724491,1724563] 34 (ctg)
[15:11:50] 14 tRNA-Arg [2026860,2026933] 34 (ccg)
[15:11:50] 15 tRNA-Ala c[2052112,2052205] 35 (cgc)
[15:11:50] 16 tRNA-Met c[2210703,2210777] 35 (cat)
[15:11:50] 17 tRNA-Met c[2213017,2213091] 35 (cat)
[15:11:50] 18 tRNA-Gly [2739935,2740029] 34 (tcc)
[15:11:50] 19 tRNA-Thr c[2791329,2791403] 35 (tgt)
[15:11:50] 20 tRNA-Ser [2869402,2869482] 34 (gct)
[15:11:50] 21 tRNA-Arg c[3074456,3074541] 35 (ccg)
[15:11:50] 22 tRNA-Thr c[3088710,3088786] 35 (cgt)
[15:11:50] 23 tRNA-Pro [3148686,3148760] 35 (cgg)
[15:11:50] 24 tRNA-Ser [3209300,3209385] 35 (gga)
[15:11:50] 25 tRNA-Ser [3264026,3264113] 35 (cga)
[15:11:50] 26 tRNA-Met c[3318568,3318642] 35 (cat)
[15:11:50] 27 tRNA-Arg c[3328821,3328894] 34 (acg)
[15:11:50] 28 tRNA-Ser c[3330155,3330246] 37 (gct)
[15:11:50] 29 tRNA-Ser c[3357318,3357405] 35 (tga)
[15:11:50] 30 tRNA-Ile [3513043,3513119] 35 (gat)
[15:11:50] 31 tRNA-Ala [3517376,3517449] 34 (tgc)
[15:11:50] 32 tRNA-Leu [3534629,3534713] 35 (cag)
[15:11:50] 33 tRNA-Gly c[3715376,3715449] 33 (ccc)
[15:11:50] 34 tRNA-Gly c[3790016,3790089] 34 (gcc)
[15:11:50] 35 tRNA-Gly c[3794389,3794462] 34 (gcc)
[15:11:50] 36 tRNA-Gly c[3794537,3794609] 33 (tcc)
[15:11:50] 37 tRNA-Gly c[3794654,3794726] 33 (tcc)
[15:11:50] 38 tRNA-Asp c[3809965,3810040] 36 (gtc)
[15:11:50] 39 tRNA-Phe c[3815648,3815724] 35 (gaa)
[15:11:50] 40 tRNA-Asp c[3815728,3815803] 36 (gtc)
[15:11:50] 41 tRNA-Glu c[3815842,3815915] 35 (ttc)
[15:11:50] 42 tRNA-Lys [3821831,3821905] 34 (ttt)
[15:11:50] 43 tRNA-Ala c[3963683,3963774] 40 (ggc)
[15:11:50] 44 tRNA-Tyr [4036261,4036343] 35 (gta)
[15:11:50] 45 tRNA-Thr [4038719,4038792] 34 (ggt)
[15:11:50] 46 tRNA-Met [4038840,4038913] 34 (cat)
[15:11:50] 47 tRNA-Trp [4043929,4044002] 34 (cca)
[15:11:50] 48 tRNA-Arg c[4294466,4294541] 34 (cct)
[15:11:50] 49 tRNA-Gly c[4360613,4360692] 39 (gcc)
[15:11:50] 50 tRNA-Ala [4365192,4365265] 34 (cgc)
[15:11:50] 51 tRNA-Gln c[4452015,4452088] 33 (ttg)
[15:11:50] 52 tRNA-Leu [4491883,4491965] 33 (taa)
[15:11:50] 53 tmRNA [4675213,4675580] 96,134 ANTKRDSFALAA*
[15:11:50] 54 tRNA-Cys c[4712463,4712535] 34 (gca)
[15:11:50] 55 tRNA-Leu c[4754156,4754240] 35 (tag)
[15:11:50] 56 tRNA-Lys c[4805095,4805169] 35 (ctt)
[15:11:50] 57 tRNA-Lys c[4812284,4812359] 35 (ctt)
[15:11:50] 58 tRNA-Lys c[4826753,4826828] 35 (ctt)
[15:11:50] 59 tRNA-His c[4853673,4853748] 34 (gtg)
[15:11:50] 60 tRNA-Arg c[4970490,4970563] 34 (tct)
[15:11:50] 61 tRNA-Gly c[5062960,5063033] 33 (tcc)
[15:11:50] 62 tRNA-Pro [5063216,5063292] 35 (tgg)
[15:11:50] 63 tRNA-Ala [5113005,5113078] 34 (ggc)
[15:11:50] 64 tRNA-Ala [5117239,5117312] 34 (ggc)
[15:11:50] 65 tRNA-Asn [5272388,5272461] 34 (gtt)
[15:11:50] 66 tRNA-Asn [5272466,5272539] 34 (gtt)
[15:11:50] 67 tRNA-Met [5272719,5272795] 35 (cat)
[15:11:50] 68 tRNA-Val [5367436,5367508] 33 (tac)
[15:11:50] 69 tRNA-Thr [5386023,5386097] 32 (cgt)
[15:11:50] 70 tRNA-Ala c[5730603,5730685] 36 (agc)
[15:11:50] 71 tRNA-Pro c[5772375,5772466] 31 (cgg)
[15:11:50] 72 tRNA-Leu c[5933983,5934068] 36 (caa)
[15:11:50] 73 tRNA-Pro c[6147323,6147411] 29 (ggg)
[15:11:50] 74 tRNA-Arg c[6192525,6192622] 37 (gcg)
[15:11:50] 75 tRNA-Pro [6324170,6324259] 33 (ggg)
[15:11:52] 76 tRNA-Leu c[6387031,6387116] 34 (gag)
[15:11:52] 77 tRNA-Pro c[6552387,6552461] 35 (ggg)
[15:11:52] 78 tRNA-Val c[6581540,6581612] 33 (gac)
[15:11:52] 79 tRNA-Val c[6581645,6581717] 33 (gac)
[15:11:52] 80 tRNA-Val c[6581764,6581836] 33 (gac)
[15:11:52] 81 tRNA-Cys c[6581838,6581911] 33 (gca)
[15:11:52] 82 tRNA-Gly c[6581946,6582019] 34 (gcc)
[15:11:52] 83 tRNA-Val [6588468,6588540] 33 (cac)
[15:11:52] 84 tRNA-Val [6589234,6589307] 33 (cac)
[15:11:52] 1 tRNA-Asp c[79080,79169] 36 (gtc)
[15:11:52] 2 tRNA-Arg c[246684,246765] 33 (tcg)
[15:11:52] 3 tRNA-Ala [399966,400048] 37 (ggc)
[15:11:52] 1 tRNA-Pro c[328492,328566] 35 (ggg)
[15:11:52] 2 tRNA-Met c[388575,388649] 35 (cat)
[15:11:52] 3 tRNA-Val [474668,474755] 27 (cac)
[15:11:52] 4 tRNA-Leu c[603551,603638] 34 (gag)
[15:11:52] Found 91 tRNAs
[15:11:52] Predicting Ribosomal RNAs
[15:11:52] Running Barrnap with 4 threads
[15:11:56] 1 contig_1_pilon 1022340 5S ribosomal RNA
[15:11:56] 2 contig_1_pilon 1022529 23S ribosomal RNA
[15:11:56] 3 contig_1_pilon 1025953 16S ribosomal RNA
[15:11:56] 4 contig_1_pilon 1516573 5S ribosomal RNA
[15:11:56] 5 contig_1_pilon 1516762 23S ribosomal RNA
[15:11:56] 6 contig_1_pilon 1520184 16S ribosomal RNA
[15:11:56] 7 contig_1_pilon 2903929 5S ribosomal RNA
[15:11:56] 8 contig_1_pilon 2904118 23S ribosomal RNA
[15:11:56] 9 contig_1_pilon 2907544 16S ribosomal RNA
[15:11:56] 10 contig_1_pilon 3870655 16S ribosomal RNA
[15:11:56] 11 contig_1_pilon 3872484 23S ribosomal RNA
[15:11:56] 12 contig_1_pilon 3875679 5S ribosomal RNA
[15:11:56] 13 contig_1_pilon 4600050 16S ribosomal RNA
[15:11:56] 14 contig_1_pilon 4601879 23S ribosomal RNA
[15:11:56] 15 contig_1_pilon 4605074 5S ribosomal RNA
[15:11:56] 16 contig_1_pilon 5173905 16S ribosomal RNA
[15:11:56] 17 contig_1_pilon 5175736 23S ribosomal RNA
[15:11:56] 18 contig_1_pilon 5178933 5S ribosomal RNA
[15:11:56] 19 contig_1_pilon 6164190 16S ribosomal RNA
[15:11:56] 20 contig_1_pilon 6166021 23S ribosomal RNA
[15:11:56] 21 contig_1_pilon 6169265 5S ribosomal RNA
[15:11:56] Found 21 rRNAs
[15:11:56] Skipping ncRNA search, enable with --rfam if desired.
[15:11:56] Total of 111 tRNA + rRNA features
[15:11:56] Searching for CRISPR repeats
[15:11:58] Found 0 CRISPRs
[15:11:58] Predicting coding sequences
[15:11:58] Contigs total 8771744 bp, so using single mode
[15:11:58] Running: prodigal -i HP126_prokka_output\/output_name\.fna -c -m -g 11 -p single -f sco -q
[15:12:18] Excluding CDS which overlaps existing RNA (tRNA) at contig_1_pilon:292155..293273 on + strand
[15:12:18] Excluding CDS which overlaps existing RNA (tRNA) at contig_1_pilon:489833..494446 on - strand
[15:12:19] Excluding CDS which overlaps existing RNA (tRNA) at contig_1_pilon:519496..523992 on + strand
[15:12:19] Excluding CDS which overlaps existing RNA (tRNA) at contig_1_pilon:936573..938942 on - strand
[15:12:20] Excluding CDS which overlaps existing RNA (tRNA) at contig_1_pilon:1350777..1351640 on - strand
[15:12:20] Excluding CDS which overlaps existing RNA (tRNA) at contig_1_pilon:1577719..1578228 on + strand
[15:12:20] Excluding CDS which overlaps existing RNA (tRNA) at contig_1_pilon:1698442..1699422 on + strand
[15:12:21] Excluding CDS which overlaps existing RNA (tRNA) at contig_1_pilon:2049777..2053211 on - strand
[15:12:22] Excluding CDS which overlaps existing RNA (tRNA) at contig_1_pilon:2739690..2742443 on + strand
[15:12:23] Excluding CDS which overlaps existing RNA (tRNA) at contig_1_pilon:2869426..2869884 on - strand
[15:12:23] Excluding CDS which overlaps existing RNA (tRNA) at contig_1_pilon:3058770..3083780 on - strand
[15:12:24] Excluding CDS which overlaps existing RNA (tRNA) at contig_1_pilon:3821837..3823549 on - strand
[15:12:24] Excluding CDS which overlaps existing RNA (rRNA) at contig_1_pilon:3872645..3873409 on - strand
[15:12:24] Excluding CDS which overlaps existing RNA (tRNA) at contig_1_pilon:3963555..3964715 on - strand
[15:12:25] Excluding CDS which overlaps existing RNA (tRNA) at contig_1_pilon:4360343..4361659 on + strand
[15:12:26] Excluding CDS which overlaps existing RNA (rRNA) at contig_1_pilon:4602040..4602804 on - strand
[15:12:27] Excluding CDS which overlaps existing RNA (tRNA) at contig_1_pilon:5385197..5386747 on + strand
[15:12:27] Excluding CDS which overlaps existing RNA (tRNA) at contig_1_pilon:5729776..5730840 on + strand
[15:12:27] Excluding CDS which overlaps existing RNA (tRNA) at contig_1_pilon:5772046..5773326 on + strand
[15:12:28] Excluding CDS which overlaps existing RNA (tRNA) at contig_1_pilon:6146870..6149449 on + strand
[15:12:28] Excluding CDS which overlaps existing RNA (tRNA) at contig_1_pilon:6191887..6193626 on + strand
[15:12:28] Excluding CDS which overlaps existing RNA (tRNA) at contig_1_pilon:6324206..6324928 on - strand
[15:12:29] Excluding CDS which overlaps existing RNA (tRNA) at contig_3_pilon:78870..79478 on + strand
[15:12:29] Excluding CDS which overlaps existing RNA (tRNA) at contig_3_pilon:228231..249758 on - strand
[15:12:29] Excluding CDS which overlaps existing RNA (tRNA) at contig_3_pilon:399789..400103 on - strand
[15:12:29] Excluding CDS which overlaps existing RNA (tRNA) at contig_4_pilon:474568..474882 on + strand
[15:12:29] Found 7640 CDS
[15:12:29] Connecting features back to sequences
[15:12:29] Not using genus-specific database. Try --usegenus to enable it.
[15:12:29] Annotating CDS, please be patient.
[15:12:29] Will use 4 CPUs for similarity searching.
[15:12:44] There are still 7640 unannotated CDS left (started with 7640)
[15:12:44] Will use blast to search against /sw/bioinfo/prokka/1.45-5b58020/rackham/db/kingdom/Bacteria/IS with 4 CPUs
[15:12:44] Running: cat HP126_prokka_output\/output_name\.IS\.tmp\.15335\.faa | parallel --gnu --plain -j 4 --block 320225 --recstart '>' --pipe blastp -query - -db /sw/bioinfo/prokka/1.45-5b58020/rackham/db/kingdom/Bacteria/IS -evalue 1e-30 -qcov_hsp_perc 90 -num_threads 1 -num_descriptions 1 -num_alignments 1 -seg no > HP126_prokka_output\/output_name\.IS\.tmp\.15335\.blast 2> /dev/null
[15:13:41] Deleting unwanted file: HP126_prokka_output/output_name.IS.tmp.15335.faa
[15:13:41] Deleting unwanted file: HP126_prokka_output/output_name.IS.tmp.15335.blast
[15:13:57] There are still 7610 unannotated CDS left (started with 7640)
[15:13:57] Will use blast to search against /sw/bioinfo/prokka/1.45-5b58020/rackham/db/kingdom/Bacteria/AMR with 4 CPUs
[15:13:57] Running: cat HP126_prokka_output\/output_name\.AMR\.tmp\.15335\.faa | parallel --gnu --plain -j 4 --block 319157 --recstart '>' --pipe blastp -query - -db /sw/bioinfo/prokka/1.45-5b58020/rackham/db/kingdom/Bacteria/AMR -evalue 9.99999999999999e-301 -qcov_hsp_perc 90 -num_threads 1 -num_descriptions 1 -num_alignments 1 -seg no > HP126_prokka_output\/output_name\.AMR\.tmp\.15335\.blast 2> /dev/null
[15:14:45] Deleting unwanted file: HP126_prokka_output/output_name.AMR.tmp.15335.faa
[15:14:45] Deleting unwanted file: HP126_prokka_output/output_name.AMR.tmp.15335.blast
[15:15:06] There are still 7608 unannotated CDS left (started with 7640)
[15:15:06] Will use blast to search against /sw/bioinfo/prokka/1.45-5b58020/rackham/db/kingdom/Bacteria/sprot with 4 CPUs
[15:15:06] Running: cat HP126_prokka_output\/output_name\.sprot\.tmp\.15335\.faa | parallel --gnu --plain -j 4 --block 319002 --recstart '>' --pipe blastp -query - -db /sw/bioinfo/prokka/1.45-5b58020/rackham/db/kingdom/Bacteria/sprot -evalue 1e-09 -qcov_hsp_perc 80 -num_threads 1 -num_descriptions 1 -num_alignments 1 -seg no > HP126_prokka_output\/output_name\.sprot\.tmp\.15335\.blast 2> /dev/null
[15:19:18] Modify product: Probable siderophore-binding lipoprotein YfiY => putative siderophore-binding lipoprotein YfiY
[15:19:18] Modify product: Uncharacterized protein Rv2030c => putative protein
[15:19:18] Modify product: Uncharacterized protein Rv2030c => putative protein
[15:19:18] Modify product: Putative phosphoribosyl transferase Rv0571c => Putative phosphoribosyl transferase
[15:19:18] Modify product: Uncharacterized protein HI_1163 => putative protein
[15:19:18] Modify product: F420H(2)-dependent quinone reductase Rv1558 => F420H(2)-dependent quinone reductase
[15:19:18] Modify product: Virulence protein STM3117 => Virulence protein
[15:19:18] Modify product: Probable mannose-6-phosphate isomerase GmuF => putative mannose-6-phosphate isomerase GmuF
[15:19:18] Modify product: Probable quorum-quenching lactonase YtnP => putative quorum-quenching lactonase YtnP
[15:19:18] Modify product: Uncharacterized HTH-type transcriptional regulator Rv0472c => putative HTH-type transcriptional regulator
[15:19:18] Modify product: Uncharacterized protein Rv0102 => putative protein
[15:19:18] Modify product: Probable membrane transporter protein YfcA => putative membrane transporter protein YfcA
[15:19:18] Modify product: Zinc-type alcohol dehydrogenase-like protein SA1988 => Zinc-type alcohol dehydrogenase-like protein
[15:19:18] Modify product: UPF0053 protein Rv1842c => hypothetical protein
[15:19:18] Modify product: Uncharacterized protein Rv1841c => putative protein
[15:19:18] Modify product: Uncharacterized protein Rv2715 => putative protein
[15:19:18] Modify product: Universal stress protein MSMEG_3950/MSMEI_3859 => Universal stress protein/MSMEI_3859
[15:19:18] Modify product: Uncharacterized protein Rv0080 => putative protein
[15:19:18] Modify product: Probable nitrate/nitrite transporter NarK2 => putative nitrate/nitrite transporter NarK2
[15:19:18] Modify product: Probable sulfate transporter Rv1739c => putative sulfate transporter
[15:19:18] Modify product: Uncharacterized oxidoreductase YghA => putative oxidoreductase YghA
[15:19:18] Modify product: Uncharacterized membrane protein Rv2637 => putative membrane protein
[15:19:18] Modify product: Uncharacterized protein Rv2629 => putative protein
[15:19:18] Modify product: Uncharacterized ABC transporter ATP-binding protein YbiT => putative ABC transporter ATP-binding protein YbiT
[15:19:18] Modify product: Uncharacterized ABC transporter ATP-binding protein YheS => putative ABC transporter ATP-binding protein YheS
[15:19:18] Modify product: Uncharacterized amino acid permease YhdG => putative amino acid permease YhdG
[15:19:18] Modify product: Probable succinyl-diaminopimelate desuccinylase => putative succinyl-diaminopimelate desuccinylase
[15:19:18] Modify product: NADH dehydrogenase-like protein SAOUHSC_00878 => NADH dehydrogenase-like protein
[15:19:18] Modify product: Probable cation-transporting P-type ATPase J => putative cation-transporting P-type ATPase J
[15:19:18] Modify product: Uncharacterized ABC transporter ATP-binding protein TM_0288 => putative ABC transporter ATP-binding protein
[15:19:18] Modify product: Uncharacterized oxidoreductase YgfF => putative oxidoreductase YgfF
[15:19:18] Modify product: Probable aspartate aminotransferase => putative aspartate aminotransferase
[15:19:18] Modify product: Uncharacterized isomerase YddE => putative isomerase YddE
[15:19:18] Modify product: Probable glycine dehydrogenase (decarboxylating) => putative glycine dehydrogenase (decarboxylating)
[15:19:18] Modify product: Uncharacterized HTH-type transcriptional regulator Rv1830 => putative HTH-type transcriptional regulator
[15:19:18] Modify product: Uncharacterized protein Rv1829 => putative protein
[15:19:18] Modify product: Uncharacterized HTH-type transcriptional regulator Rv1828 => putative HTH-type transcriptional regulator
[15:19:18] Modify product: Probable glycerol uptake facilitator protein => putative glycerol uptake facilitator protein
[15:19:18] Modify product: Probable siderophore transport system ATP-binding protein YusV => putative siderophore transport system ATP-binding protein YusV
[15:19:18] Modify product: Uncharacterized carboxylesterase nap => putative carboxylesterase nap
[15:19:18] Modify product: Uncharacterized zinc-type alcohol dehydrogenase-like protein YjmD => putative zinc-type alcohol dehydrogenase-like protein YjmD
[15:19:18] Modify product: Probable 3-hydroxyisobutyrate dehydrogenase => putative 3-hydroxyisobutyrate dehydrogenase
[15:19:18] Modify product: Probable enoyl-CoA hydratase echA8 => putative enoyl-CoA hydratase echA8
[15:19:18] Modify product: Probable acyl-CoA dehydrogenase fadE25 => putative acyl-CoA dehydrogenase fadE25
[15:19:19] Modify product: Probable enoyl-CoA hydratase echA12 => putative enoyl-CoA hydratase echA12
[15:19:19] Modify product: Uncharacterized amino acid permease YhdG => putative amino acid permease YhdG
[15:19:19] Modify product: Probable glycerophosphodiester phosphodiesterase 1 => putative glycerophosphodiester phosphodiesterase 1
[15:19:19] Modify product: Dye-decolorizing peroxidase Tfu_3078 => Dye-decolorizing peroxidase
[15:19:19] Modify product: Uncharacterized transporter YycB => putative transporter YycB
[15:19:19] Modify product: F420H(2)-dependent quinone reductase Rv1558 => F420H(2)-dependent quinone reductase
[15:19:19] Modify product: Probable oxidoreductase EphD => putative oxidoreductase EphD
[15:19:19] Modify product: Protease HtpX homolog => Protease HtpX 
[15:19:19] Modify product: Probable low molecular weight protein-tyrosine-phosphatase => putative low molecular weight protein-tyrosine-phosphatase
[15:19:19] Modify product: Uncharacterized MFS-type transporter Rv0037c => putative MFS-type transporter
[15:19:19] Modify product: Probable chromosome-partitioning protein ParB => putative chromosome-partitioning protein ParB
[15:19:19] Modify product: Beta sliding clamp homolog GriR => Beta sliding clamp GriR
[15:19:19] Modify product: Uncharacterized protein Rv0007 => putative protein
[15:19:19] Modify product: Uncharacterized FtsW-like protein => putative FtsW-like protein
[15:19:19] Modify product: Uncharacterized HTH-type transcriptional regulator Rv1816 => putative HTH-type transcriptional regulator
[15:19:19] Modify product: Probable M18 family aminopeptidase 2 => putative M18 family aminopeptidase 2
[15:19:19] Modify product: Butyryl-CoA dehydrogenase Swol_1933 => Butyryl-CoA dehydrogenase
[15:19:19] Modify product: Putative transport protein Rv0205 => Putative transport protein
[15:19:19] Modify product: Uncharacterized MFS-type transporter EfpA => putative MFS-type transporter EfpA
[15:19:19] Modify product: Uncharacterized HTH-type transcriptional regulator Rv1816 => putative HTH-type transcriptional regulator
[15:19:19] Modify product: Probable N-succinyldiaminopimelate aminotransferase DapC => putative N-succinyldiaminopimelate aminotransferase DapC
[15:19:19] Modify product: Multidrug efflux system permease protein Rv1217c => Multidrug efflux system permease protein
[15:19:19] Modify product: Multidrug efflux system ATP-binding protein Rv1218c => Multidrug efflux system ATP-binding protein
[15:19:19] Modify product: Uncharacterized protease YdeA => putative protease YdeA
[15:19:19] Modify product: NADH dehydrogenase-like protein SAOUHSC_00878 => NADH dehydrogenase-like protein
[15:19:19] Modify product: Uncharacterized phosphatase SCO2771 => putative phosphatase
[15:19:19] Modify product: Uncharacterized protein Rv0501 => putative protein
[15:19:19] Modify product: Uncharacterized protein Rv0502 => putative protein
[15:19:19] Modify product: Chloramphenicol efflux pump Rv0191 => Chloramphenicol efflux pump
[15:19:19] Modify product: Uncharacterized protein Rv3400 => putative protein
[15:19:19] Modify product: Uncharacterized glycosyl hydrolase Rv3401 => putative glycosyl hydrolase
[15:19:19] Modify product: Uncharacterized oxidoreductase Rv0484c => putative oxidoreductase
[15:19:19] Modify product: UPF0060 membrane protein YnfA => hypothetical protein
[15:19:19] Modify product: Uncharacterized protein Rv0525 => putative protein
[15:19:19] Modify product: Probable inactive lipase Rv1592c => putative inactive lipase
[15:19:19] Modify product: Acetyltransferase PA3944 => Acetyltransferase
[15:19:19] Modify product: Protease HtpX homolog => Protease HtpX 
[15:19:19] Modify product: UPF0234 protein MSMEG_1165/MSMEI_1134 => hypothetical protein
[15:19:19] Modify product: Uncharacterized sugar epimerase YhfK => putative sugar epimerase YhfK
[15:19:19] Modify product: UPF0336 protein Rv0504c => hypothetical protein
[15:19:19] Modify product: Uncharacterized ABC transporter ATP-binding protein YbiT => putative ABC transporter ATP-binding protein YbiT
[15:19:19] Modify product: Uncharacterized protein Rv3421c => putative protein
[15:19:19] Modify product: Uncharacterized FtsW-like protein => putative FtsW-like protein
[15:19:19] Modify product: Uncharacterized oxidoreductase MSMEG_1603/MSMEI_1564 => putative oxidoreductase/MSMEI_1564
[15:19:19] Modify product: Uncharacterized protein Rv0953c => putative protein
[15:19:19] Modify product: Putative peptide transport permease protein Rv1283c => Putative peptide transport permease protein
[15:19:19] Modify product: Putative peptide transport permease protein Rv1282c => Putative peptide transport permease protein
[15:19:19] Modify product: Uncharacterized protein Rv1280c => putative protein
[15:19:19] Modify product: Uncharacterized symporter YidK => putative symporter YidK
[15:19:19] Modify product: Uncharacterized oxidoreductase Rv0769 => putative oxidoreductase
[15:19:19] Modify product: Uncharacterized MFS-type transporter EfpA => putative MFS-type transporter EfpA
[15:19:19] Modify product: Uncharacterized aminopeptidase Rv1333 => putative aminopeptidase
[15:19:19] Modify product: Probable HTH-type transcriptional repressor ExuR => putative HTH-type transcriptional repressor ExuR
[15:19:19] Modify product: Tricorn protease homolog 1 => Tricorn protease 
[15:19:19] Modify product: Uncharacterized HTH-type transcriptional regulator Rv1556 => putative HTH-type transcriptional regulator
[15:19:19] Modify product: Probable dolichyl-phosphate-mannose--protein mannosyltransferase => putative dolichyl-phosphate-mannose--protein mannosyltransferase
[15:19:19] Modify product: Uncharacterized metal-dependent hydrolase TatD => putative metal-dependent hydrolase TatD
[15:19:20] Modify product: Uncharacterized ABC transporter ATP-binding protein YejF => putative ABC transporter ATP-binding protein YejF
[15:19:20] Modify product: Probable transport protein HsrA => putative transport protein HsrA
[15:19:20] Modify product: Probable siderophore-binding lipoprotein YfiY => putative siderophore-binding lipoprotein YfiY
[15:19:20] Modify product: Serine protease inhibitor Rv3364c => Serine protease inhibitor
[15:19:20] Modify product: Probable D-xylose utilization operon transcriptional repressor => putative D-xylose utilization operon transcriptional repressor
[15:19:20] Modify product: Uncharacterized zinc protease Rv2782c => putative zinc protease
[15:19:20] Modify product: Probable ATP-dependent helicase DinG homolog => putative ATP-dependent helicase DinG 
[15:19:20] Modify product: Probable glutamine ABC transporter permease protein GlnM => putative glutamine ABC transporter permease protein GlnM
[15:19:20] Modify product: Putative transport protein Rv0205 => Putative transport protein
[15:19:20] Modify product: Uncharacterized zinc protease Rv2782c => putative zinc protease
[15:19:20] Modify product: Probable acyl-CoA dehydrogenase FadE10 => putative acyl-CoA dehydrogenase FadE10
[15:19:20] Modify product: Probable aminotransferase Rv3329 => putative aminotransferase
[15:19:20] Modify product: Uncharacterized ABC transporter ATP-binding protein Rv2564 => putative ABC transporter ATP-binding protein
[15:19:20] Modify product: Probable dual-specificity RNA methyltransferase RlmN => putative dual-specificity RNA methyltransferase RlmN
[15:19:20] Modify product: Uncharacterized protein Rv2901c => putative protein
[15:19:20] Modify product: UPF0109 protein Rv2908c => hypothetical protein
[15:19:20] Modify product: Uncharacterized protein YhfS => putative protein YhfS
[15:19:20] Modify product: Uncharacterized protein YhfX => putative protein YhfX
[15:19:20] Modify product: NADH dehydrogenase-like protein Rv1812c => NADH dehydrogenase-like protein
[15:19:20] Modify product: Uncharacterized protein Rv2926c => putative protein
[15:19:20] Modify product: Uncharacterized protein SA1069 => putative protein
[15:19:20] Modify product: Uncharacterized HTH-type transcriptional regulator RhmR => putative HTH-type transcriptional regulator RhmR
[15:19:20] Modify product: Serine protease inhibitor Rv3364c => Serine protease inhibitor
[15:19:20] Modify product: Serine protease inhibitor Rv3364c => Serine protease inhibitor
[15:19:20] Modify product: Uncharacterized signaling protein CC_0091 => putative signaling protein
[15:19:20] Modify product: Probable peptidoglycan biosynthesis protein MviN => putative peptidoglycan biosynthesis protein MviN
[15:19:20] Modify product: Uncharacterized protein Rv2715 => putative protein
[15:19:20] Modify product: Uncharacterized protein Rv0499 => putative protein
[15:19:20] Modify product: UPF0126 inner membrane protein YicG => hypothetical protein
[15:19:20] Modify product: Probable D,D-dipeptide-binding periplasmic protein DdpA => putative D,D-dipeptide-binding periplasmic protein DdpA
[15:19:20] Modify product: Glycogen operon protein GlgX homolog => Glycogen operon protein GlgX 
[15:19:20] Modify product: Putative multidrug export ATP-binding/permease protein SAV1866 => Putative multidrug export ATP-binding/permease protein
[15:19:20] Modify product: Putative multidrug export ATP-binding/permease protein SAV1866 => Putative multidrug export ATP-binding/permease protein
[15:19:20] Modify product: Thioredoxin-like reductase Rv2466c => Thioredoxin-like reductase
[15:19:20] Modify product: Uncharacterized ABC transporter ATP-binding protein Rv0986 => putative ABC transporter ATP-binding protein
[15:19:20] Modify product: Uncharacterized protein Rv1324 => putative protein
[15:19:20] Modify product: Uncharacterized protein Rv1342c => putative protein
[15:19:20] Modify product: UPF0045 protein Rv1898 => hypothetical protein
[15:19:20] Modify product: Probable GTPase Rv1496 => putative GTPase
[15:19:20] Modify product: Probable acetyl-CoA acetyltransferase => putative acetyl-CoA acetyltransferase
[15:19:20] Modify product: Probable doxorubicin resistance ABC transporter permease protein DrrC => putative doxorubicin resistance ABC transporter permease protein DrrC
[15:19:20] Modify product: Probable 3-hydroxybutyryl-CoA dehydrogenase => putative 3-hydroxybutyryl-CoA dehydrogenase
[15:19:20] Modify product: Uncharacterized FtsW-like protein => putative FtsW-like protein
[15:19:20] Modify product: Uncharacterized ABC transporter ATP-binding protein YlmA => putative ABC transporter ATP-binding protein YlmA
[15:19:20] Modify product: Uncharacterized protein Rv0885 => putative protein
[15:19:20] Modify product: Serine protease inhibitor Rv3364c => Serine protease inhibitor
[15:19:20] Modify product: Uncharacterized transporter YycB => putative transporter YycB
[15:19:20] Modify product: Probable sensor histidine kinase pdtaS => putative sensor histidine kinase pdtaS
[15:19:20] Modify product: UPF0182 protein MSMEG_1959/MSMEI_1915 => hypothetical protein
[15:19:20] Modify product: Uncharacterized protein YlbL => putative protein YlbL
[15:19:20] Modify product: Putative glutaredoxin Rv3198.1 => Putative glutaredoxin.1
[15:19:20] Modify product: Probable adenylyltransferase/sulfurtransferase MoeZ => putative adenylyltransferase/sulfurtransferase MoeZ
[15:19:20] Modify product: UPF0056 inner membrane protein MarC => hypothetical protein
[15:19:20] Modify product: Putative O-methyltransferase Rv1220c => Putative O-methyltransferase
[15:19:20] Modify product: Probable D,D-dipeptide-binding periplasmic protein DdpA => putative D,D-dipeptide-binding periplasmic protein DdpA
[15:19:21] Modify product: Probable malonic semialdehyde reductase RutE => putative malonic semialdehyde reductase RutE
[15:19:21] Modify product: Probable hydrogen peroxide-inducible genes activator => putative hydrogen peroxide-inducible genes activator
[15:19:21] Modify product: Probable propionyl-CoA carboxylase beta chain 5 => putative propionyl-CoA carboxylase beta chain 5
[15:19:21] Modify product: Uncharacterized protein YcbX => putative protein YcbX
[15:19:21] Modify product: Probable phosphomannomutase => putative phosphomannomutase
[15:19:21] Modify product: Uncharacterized protein Rv1998c => putative protein
[15:19:21] Modify product: Bifunctional protein FolD => Bifunctional protein FolD protein
[15:19:21] Modify product: Uncharacterized protein YehL => putative protein YehL
[15:19:21] Modify product: UPF0309 protein BH3325 => hypothetical protein
[15:19:21] Modify product: Probable enoyl-CoA hydratase => putative enoyl-CoA hydratase
[15:19:21] Modify product: Uncharacterized protein Rv0036c => putative protein
[15:19:21] Modify product: Uncharacterized protein HI_1163 => putative protein
[15:19:21] Modify product: Uncharacterized HTH-type transcriptional regulator Rv0880 => putative HTH-type transcriptional regulator
[15:19:21] Modify product: Uncharacterized protein Rv0877 => putative protein
[15:19:21] Modify product: Uncharacterized protein Rv0876c => putative protein
[15:19:21] Modify product: Probable siderophore transport system permease protein YfiZ => putative siderophore transport system permease protein YfiZ
[15:19:21] Modify product: Probable siderophore transport system permease protein YfhA => putative siderophore transport system permease protein YfhA
[15:19:21] Modify product: Probable siderophore transport system ATP-binding protein YusV => putative siderophore transport system ATP-binding protein YusV
[15:19:21] Modify product: Uncharacterized protein Rv0102 => putative protein
[15:19:21] Modify product: PTS system EIIBC component SA0186 => PTS system EIIBC component
[15:19:21] Modify product: Probable cold shock protein A => putative cold shock protein A
[15:19:21] Modify product: Probable dipeptidase PepE => putative dipeptidase PepE
[15:19:21] Modify product: Uncharacterized tRNA/rRNA methyltransferase Rv3579c => putative tRNA/rRNA methyltransferase
[15:19:21] Modify product: Phosphate-specific transport system accessory protein PhoU homolog 2 => Phosphate-specific transport system accessory protein PhoU 
[15:19:21] Modify product: Uncharacterized protein Rv0487 => putative protein
[15:19:21] Modify product: Probable 8-oxo-dGTP diphosphatase 1 => putative 8-oxo-dGTP diphosphatase 1
[15:19:21] Modify product: Cell wall protein Lmo0130 => Cell wall protein
[15:19:21] Modify product: Uncharacterized ABC transporter ATP-binding protein Rv1273c => putative ABC transporter ATP-binding protein
[15:19:21] Modify product: Uncharacterized protein Rv0814c => putative protein
[15:19:21] Modify product: Uncharacterized HTH-type transcriptional regulator YybR => putative HTH-type transcriptional regulator YybR
[15:19:21] Modify product: Acetyltransferase PA3944 => Acetyltransferase
[15:19:21] Modify product: Uncharacterized HTH-type transcriptional regulator YybR => putative HTH-type transcriptional regulator YybR
[15:19:21] Modify product: Uncharacterized HTH-type transcriptional regulator Rv0474 => putative HTH-type transcriptional regulator
[15:19:21] Modify product: Uncharacterized FAD-linked oxidoreductase YvdP => putative FAD-linked oxidoreductase YvdP
[15:19:21] Modify product: Uncharacterized protein Rv0498 => putative protein
[15:19:21] Modify product: Uncharacterized protein Rv0495c => putative protein
[15:19:21] Modify product: Putative succinyl-CoA transferase Rv0802c => Putative succinyl-CoA transferase
[15:19:21] Modify product: Uncharacterized membrane protein Rv0364 => putative membrane protein
[15:19:21] Modify product: Putative conjugal transfer protein Rv3659c => Putative conjugal transfer protein
[15:19:21] Modify product: Probable phosphatase Rv3661 => putative phosphatase
[15:19:21] Modify product: Serine protease Rv3671c => Serine protease
[15:19:21] Modify product: Putative ATPase Rv3679 => Putative ATPase
[15:19:21] Modify product: Uncharacterized protein YqeY => putative protein YqeY
[15:19:21] Modify product: UPF0336 protein Rv0504c => hypothetical protein
[15:19:21] Modify product: Probable SapB synthase => putative SapB synthase
[15:19:21] Modify product: Probable cytochrome c oxidase subunit 1 => putative cytochrome c oxidase subunit 1
[15:19:21] Modify product: Nucleoid-associated protein Cthe_2143 => Nucleoid-associated protein
[15:19:21] Modify product: Uncharacterized ABC transporter ATP-binding protein YheS => putative ABC transporter ATP-binding protein YheS
[15:19:21] Modify product: Prophage bactoprenol glucosyl transferase homolog => Prophage bactoprenol glucosyl transferase 
[15:19:21] Modify product: Uncharacterized GMC-type oxidoreductase Rv0492c => putative GMC-type oxidoreductase
[15:19:21] Modify product: Uncharacterized protein Rv0090 => putative protein
[15:19:21] Modify product: Probable transcriptional regulatory protein TcrX => putative transcriptional regulatory protein TcrX
[15:19:21] Modify product: Probable trans-aconitate 2-methyltransferase => putative trans-aconitate 2-methyltransferase
[15:19:21] Modify product: Probable cell wall biosynthesis protein LcpB => putative cell wall biosynthesis protein LcpB
[15:19:21] Modify product: Probable transporter SCO4007 => putative transporter
[15:19:21] Modify product: NADH dehydrogenase-like protein SAOUHSC_00878 => NADH dehydrogenase-like protein
[15:19:21] Modify product: Probable fatty acid methyltransferase Rv3720 => putative fatty acid methyltransferase
[15:19:21] Modify product: Uncharacterized ABC transporter ATP-binding protein Rv0986 => putative ABC transporter ATP-binding protein
[15:19:21] Modify product: Putative cystathionine beta-synthase Rv1077 => Putative cystathionine beta-synthase
[15:19:21] Modify product: Uncharacterized amino acid permease YhdG => putative amino acid permease YhdG
[15:19:21] Modify product: Uncharacterized DapA-like lyase => putative DapA-like lyase
[15:19:21] Modify product: Probable acyl-CoA dehydrogenase fadE25 => putative acyl-CoA dehydrogenase fadE25
[15:19:21] Modify product: UPF0434 protein PFL_1779 => hypothetical protein
[15:19:21] Modify product: Uncharacterized membrane protein Rv3691 => putative membrane protein
[15:19:22] Modify product: UPF0301 protein Rv0038 => hypothetical protein
[15:19:22] Modify product: Probable xanthine dehydrogenase subunit D => putative xanthine dehydrogenase subunit D
[15:19:22] Modify product: Uncharacterized FAD-linked oxidoreductase Rv2280 => putative FAD-linked oxidoreductase
[15:19:22] Modify product: Uncharacterized protein Rv1339 => putative protein
[15:19:22] Modify product: Putative peroxiredoxin Rv2521 => Putative peroxiredoxin
[15:19:22] Modify product: Uncharacterized protein Rv0966c => putative protein
[15:19:22] Modify product: Uncharacterized symporter YodF => putative symporter YodF
[15:19:22] Modify product: Uncharacterized oxidoreductase YdgJ => putative oxidoreductase YdgJ
[15:19:22] Modify product: Uncharacterized phosphatase SCO2771 => putative phosphatase
[15:19:22] Modify product: Multidrug efflux ATP-binding/permease protein BCG_0231 => Multidrug efflux ATP-binding/permease protein
[15:19:22] Modify product: Uncharacterized protein Rv1260 => putative protein
[15:19:22] Modify product: Serine protease inhibitor Rv3364c => Serine protease inhibitor
[15:19:22] Modify product: Probable 6-phospho-beta-glucosidase => putative 6-phospho-beta-glucosidase
[15:19:22] Modify product: Thioredoxin-like reductase Rv2466c => Thioredoxin-like reductase
[15:19:22] Modify product: Uncharacterized protein YfgD => putative protein YfgD
[15:19:22] Modify product: Uncharacterized protein Rv2226 => putative protein
[15:19:22] Modify product: Probable nicotinate-nucleotide adenylyltransferase => putative nicotinate-nucleotide adenylyltransferase
[15:19:22] Modify product: Probable 6-phospho-beta-glucosidase => putative 6-phospho-beta-glucosidase
[15:19:22] Modify product: UPF0053 protein Rv2366c => hypothetical protein
[15:19:22] Modify product: Probable tRNA-dihydrouridine synthase => putative tRNA-dihydrouridine synthase
[15:19:22] Modify product: Acetyltransferase Atu2258 => Acetyltransferase
[15:19:22] Modify product: Chloramphenicol efflux pump Rv0191 => Chloramphenicol efflux pump
[15:19:22] Modify product: Probable membrane transporter protein YfcA => putative membrane transporter protein YfcA
[15:19:22] Modify product: Uncharacterized protein Rv2305 => putative protein
[15:19:22] Modify product: Uncharacterized methyltransferase Mb0229c => putative methyltransferase
[15:19:22] Modify product: Thioredoxin-like reductase Rv2466c => Thioredoxin-like reductase
[15:19:22] Modify product: Uncharacterized protein PA0049 => putative protein
[15:19:22] Modify product: Uncharacterized protein Rv2242 => putative protein
[15:19:22] Modify product: Putative quercetin 2,3-dioxygenase Rv0181c => Putative quercetin 2,3-dioxygenase
[15:19:22] Modify product: Uncharacterized protein Rv2239c => putative protein
[15:19:22] Modify product: Universal stress protein Rv2623 => Universal stress protein
[15:19:22] Modify product: Probable cytochrome c oxidase subunit 1 => putative cytochrome c oxidase subunit 1
[15:19:22] Modify product: Probable SapB synthase => putative SapB synthase
[15:19:22] Modify product: Putative coenzyme F420-dependent oxidoreductase Rv3520c => Putative coenzyme F420-dependent oxidoreductase
[15:19:22] Modify product: Uncharacterized MFS-type transporter EfpA => putative MFS-type transporter EfpA
[15:19:22] Modify product: Uncharacterized protein Rv2229c => putative protein
[15:19:22] Modify product: Bifunctional protein Rv2228c => Bifunctional protein
[15:19:22] Modify product: Probable deferrochelatase/peroxidase EfeN => putative deferrochelatase/peroxidase EfeN
[15:19:22] Modify product: Efem/EfeO family lipoprotein NMB0035 => Efem/EfeO family lipoprotein
[15:19:22] Modify product: Uncharacterized protein Rv2716 => putative protein
[15:19:22] Modify product: Thioredoxin-like reductase Rv2466c => Thioredoxin-like reductase
[15:19:22] Modify product: Uncharacterized protein Rv2219 => putative protein
[15:19:22] Modify product: Epimerase family protein Rv2216 => Epimerase family protein
[15:19:22] Modify product: Probable D-xylose utilization operon transcriptional repressor => putative D-xylose utilization operon transcriptional repressor
[15:19:22] Modify product: Probable cytosol aminopeptidase => putative cytosol aminopeptidase
[15:19:22] Modify product: Uncharacterized protein Rv2206 => putative protein
[15:19:22] Modify product: Phage shock protein A homolog => Phage shock protein A 
[15:19:22] Modify product: Protein Mb2227c => Protein
[15:19:22] Modify product: Probable cytochrome c oxidase subunit 1 => putative cytochrome c oxidase subunit 1
[15:19:22] Modify product: Uncharacterized response regulatory protein Rv3143 => putative response regulatory protein
[15:19:22] Modify product: Probable cytochrome c oxidase subunit 3 => putative cytochrome c oxidase subunit 3
[15:19:22] Modify product: Probable endonuclease 4 => putative endonuclease 4
[15:19:22] Modify product: DNA-binding protein Rv2175c => DNA-binding protein
[15:19:23] Modify product: Probable peptidoglycan glycosyltransferase FtsW => putative peptidoglycan glycosyltransferase FtsW
[15:19:23] Modify product: Uncharacterized RNA pseudouridine synthase Rv1540 => putative RNA pseudouridine synthase
[15:19:23] Modify product: Probable transcriptional regulatory protein pdtaR => putative transcriptional regulatory protein pdtaR
[15:19:23] Modify product: Leu/Ile/Val-binding protein homolog 3 => Leu/Ile/Val-binding protein 
[15:19:23] Modify product: Uncharacterized oxidoreductase Rv2900c => putative oxidoreductase
[15:19:23] Modify product: Uncharacterized membrane protein Rv2723 => putative membrane protein
[15:19:23] Modify product: Probable metabolite transport protein CsbC => putative metabolite transport protein CsbC
[15:19:23] Modify product: Nucleotide-binding protein Rv1421 => Nucleotide-binding protein
[15:19:23] Modify product: Probable cell division protein WhiA => putative cell division protein WhiA
[15:19:23] Modify product: Probable protein-export membrane protein SecG => putative protein-export membrane protein SecG
[15:19:23] Modify product: UPF0051 protein SA0778 => hypothetical protein
[15:19:23] Modify product: UPF0051 protein Rv1462 => hypothetical protein
[15:19:23] Modify product: Probable cysteine desulfurase => putative cysteine desulfurase
[15:19:23] Modify product: Probable 5-dehydro-4-deoxyglucarate dehydratase => putative 5-dehydro-4-deoxyglucarate dehydratase
[15:19:23] Modify product: Uncharacterized protein Rv2915c => putative protein
[15:19:23] Modify product: Uncharacterized aminotransferase Rv2231c => putative aminotransferase
[15:19:23] Modify product: Uncharacterized protein Rv2850c => putative protein
[15:19:23] Modify product: Uncharacterized protein Rv0887c => putative protein
[15:19:23] Modify product: Uncharacterized ABC transporter ATP-binding protein YbiT => putative ABC transporter ATP-binding protein YbiT
[15:19:23] Modify product: Uncharacterized SURF1-like protein Rv2235 => putative SURF1-like protein
[15:19:23] Modify product: Probable zinc-binding alcohol dehydrogenase Rv1895 => putative zinc-binding alcohol dehydrogenase
[15:19:23] Modify product: Uncharacterized transporter YycB => putative transporter YycB
[15:19:23] Modify product: Uncharacterized protein Rv1276c => putative protein
[15:19:23] Modify product: Uncharacterized protein Rv1486c => putative protein
[15:19:23] Modify product: Uncharacterized ABC transporter ATP-binding protein YlmA => putative ABC transporter ATP-binding protein YlmA
[15:19:23] Modify product: Uncharacterized protein Rv1488 => putative protein
[15:19:23] Modify product: Probable membrane transporter protein YfcA => putative membrane transporter protein YfcA
[15:19:23] Modify product: UPF0098 protein Rv2140c => hypothetical protein
[15:19:23] Modify product: Uncharacterized protein Rv1708 => putative protein
[15:19:23] Modify product: Probable cytochrome c oxidase subunit 1 => putative cytochrome c oxidase subunit 1
[15:19:23] Modify product: Uncharacterized protein Rv1290c => putative protein
[15:19:23] Modify product: Urea transporter DVU1160 => Urea transporter
[15:19:23] Modify product: Probable enoyl-CoA hydratase 1 => putative enoyl-CoA hydratase 1
[15:19:23] Modify product: Uncharacterized Nudix hydrolase YfcD => putative Nudix hydrolase YfcD
[15:19:23] Modify product: KsdD-like steroid dehydrogenase MSMEG_5835 => KsdD-like steroid dehydrogenase
[15:19:23] Modify product: Uncharacterized ABC transporter ATP-binding protein YbiT => putative ABC transporter ATP-binding protein YbiT
[15:19:23] Modify product: Probable succinyl-diaminopimelate desuccinylase => putative succinyl-diaminopimelate desuccinylase
[15:19:23] Modify product: Putative coenzyme F420-dependent oxidoreductase Rv3520c => Putative coenzyme F420-dependent oxidoreductase
[15:19:23] Modify product: Probable glycerol uptake facilitator protein => putative glycerol uptake facilitator protein
[15:19:23] Modify product: Probable D,D-dipeptide-binding periplasmic protein DdpA => putative D,D-dipeptide-binding periplasmic protein DdpA
[15:19:23] Modify product: Probable D,D-dipeptide-binding periplasmic protein DdpA => putative D,D-dipeptide-binding periplasmic protein DdpA
[15:19:23] Modify product: Probable helicase HelY => putative helicase HelY
[15:19:23] Modify product: Uncharacterized protein Rv2895c => putative protein
[15:19:23] Modify product: Uncharacterized HTH-type transcriptional regulator Rv2282c => putative HTH-type transcriptional regulator
[15:19:23] Modify product: Putative glutamine amidotransferase Rv2859c => Putative glutamine amidotransferase
[15:19:23] Modify product: Uncharacterized amino acid permease YhdG => putative amino acid permease YhdG
[15:19:23] Modify product: Uncharacterized protein Rv2302 => putative protein
[15:19:23] Modify product: Uncharacterized sugar kinase YdjH => putative sugar kinase YdjH
[15:19:23] Modify product: Uncharacterized protein Rv2915c => putative protein
[15:19:23] Modify product: Probable transcriptional regulatory protein Rv2603c => putative transcriptional regulatory protein
[15:19:23] Modify product: Uncharacterized protein MRA_2757 => putative protein
[15:19:23] Modify product: Probable peptidyl-prolyl cis-trans isomerase B => putative peptidyl-prolyl cis-trans isomerase B
[15:19:23] Modify product: Uncharacterized protein Rv2581c => putative protein
[15:19:23] Modify product: Uncharacterized AAA domain-containing protein Rv2559c => putative AAA domain-containing protein
[15:19:23] Modify product: Probable primosomal protein N' => putative primosomal protein N'
[15:19:23] Modify product: Putative methyltransferase Rv1407 => Putative methyltransferase
[15:19:23] Modify product: UPF0053 protein Rv1842c => hypothetical protein
[15:19:23] Modify product: Uncharacterized protein Rv1841c => putative protein
[15:19:23] Modify product: Uncharacterized oxidoreductase Rv1843c => putative oxidoreductase
[15:19:23] Modify product: Uncharacterized amino acid permease YhdG => putative amino acid permease YhdG
[15:19:23] Modify product: Uncharacterized protein Rv1417 => putative protein
[15:19:23] Modify product: UPF0053 protein Rv1842c => hypothetical protein
[15:19:23] Modify product: Uncharacterized protein Rv1841c => putative protein
[15:19:23] Modify product: HTH-type transcriptional repressor Rv1353c => HTH-type transcriptional repressor
[15:19:23] Modify product: Probable flavin reductase => putative flavin reductase
[15:19:23] Modify product: Uncharacterized protein YcbX => putative protein YcbX
[15:19:23] Modify product: Uncharacterized protein Rv3292 => putative protein
[15:19:23] Modify product: Uncharacterized protein Rv0897c => putative protein
[15:19:23] Modify product: Putative monooxygenase Rv1533 => Putative monooxygenase
[15:19:23] Modify product: Acetyltransferase PA3944 => Acetyltransferase
[15:19:24] Modify product: Uncharacterized oxidoreductase SA2266 => putative oxidoreductase
[15:19:24] Modify product: Serine protease inhibitor Rv3364c => Serine protease inhibitor
[15:19:24] Modify product: Uncharacterized amino acid permease YhdG => putative amino acid permease YhdG
[15:19:24] Modify product: Uncharacterized protein MSMEG_2782/MSMEI_2713 => putative protein/MSMEI_2713
[15:19:24] Modify product: Uncharacterized signaling protein CC_0091 => putative signaling protein
[15:19:24] Modify product: Acetyltransferase PA3944 => Acetyltransferase
[15:19:24] Modify product: Probable aminotransferase Rv3329 => putative aminotransferase
[15:19:24] Modify product: Uncharacterized protein Rv0088 => putative protein
[15:19:24] Modify product: UPF0098 protein Rv2140c => hypothetical protein
[15:19:24] Modify product: Uncharacterized ABC transporter ATP-binding protein YheS => putative ABC transporter ATP-binding protein YheS
[15:19:24] Modify product: Uncharacterized ABC transporter ATP-binding protein YbiT => putative ABC transporter ATP-binding protein YbiT
[15:19:24] Modify product: Uncharacterized HTH-type transcriptional regulator Rv1556 => putative HTH-type transcriptional regulator
[15:19:24] Modify product: F420H(2)-dependent quinone reductase Rv1558 => F420H(2)-dependent quinone reductase
[15:19:24] Modify product: UPF0225 protein YchJ => hypothetical protein
[15:19:24] Modify product: Uncharacterized protein Rv2302 => putative protein
[15:19:24] Modify product: Uncharacterized HTH-type transcriptional regulator Rv0880 => putative HTH-type transcriptional regulator
[15:19:24] Modify product: Probable aldehyde dehydrogenase => putative aldehyde dehydrogenase
[15:19:24] Modify product: Acetyltransferase PA3944 => Acetyltransferase
[15:19:24] Modify product: Universal stress protein Rv2005c => Universal stress protein
[15:19:24] Modify product: Uncharacterized protein Rv3400 => putative protein
[15:19:24] Modify product: Universal stress protein Rv2005c => Universal stress protein
[15:19:24] Modify product: Uncharacterized protein Rv1276c => putative protein
[15:19:24] Modify product: Putative glutamine amidotransferase Rv2859c => Putative glutamine amidotransferase
[15:19:24] Modify product: Probable siderophore-binding lipoprotein YfiY => putative siderophore-binding lipoprotein YfiY
[15:19:24] Modify product: Multidrug efflux ATP-binding/permease protein BCG_0231 => Multidrug efflux ATP-binding/permease protein
[15:19:24] Modify product: Probable transporter SCO4007 => putative transporter
[15:19:24] Modify product: Uncharacterized protein YncE => putative protein YncE
[15:19:24] Modify product: Probable siderophore-binding lipoprotein YfiY => putative siderophore-binding lipoprotein YfiY
[15:19:24] Modify product: Probable transporter SCO4007 => putative transporter
[15:19:24] Modify product: Uncharacterized protein YncE => putative protein YncE
[15:19:24] Modify product: Probable siderophore-binding lipoprotein YfiY => putative siderophore-binding lipoprotein YfiY
[15:19:24] Modify product: UPF0047 protein Rv2556c => hypothetical protein
[15:19:24] Modify product: Uncharacterized ABC transporter ATP-binding protein TM_0288 => putative ABC transporter ATP-binding protein
[15:19:24] Modify product: Probable multidrug resistance ABC transporter ATP-binding/permease protein YheI => putative multidrug resistance ABC transporter ATP-binding/permease protein YheI
[15:19:24] Modify product: Probable multidrug resistance ABC transporter ATP-binding/permease protein YheI => putative multidrug resistance ABC transporter ATP-binding/permease protein YheI
[15:19:24] Modify product: Serine protease inhibitor Rv3364c => Serine protease inhibitor
[15:19:24] Modify product: Uncharacterized PhzA/B-like protein PA3332 => putative PhzA/B-like protein
[15:19:24] Modify product: Probable membrane transporter protein YfcA => putative membrane transporter protein YfcA
[15:19:24] Modify product: Glycogen operon protein GlgX homolog => Glycogen operon protein GlgX 
[15:19:24] Modify product: Uncharacterized amino acid permease YhdG => putative amino acid permease YhdG
[15:19:24] Modify product: Uncharacterized ABC transporter ATP-binding protein Rv1281c => putative ABC transporter ATP-binding protein
[15:19:24] Modify product: Uncharacterized 33.6 kDa protein in fasciation locus => putative 33.6 kDa protein in fasciation locus
[15:19:24] Modify product: Uncharacterized protein Rv0906 => putative protein
[15:19:24] Modify product: Uncharacterized protein YjhP => putative protein YjhP
[15:19:24] Modify product: Probable D-amino-acid oxidase => putative D-amino-acid oxidase
[15:19:24] Modify product: Putative acyltransferase Rv0859 => Putative acyltransferase
[15:19:24] Modify product: Putative trans-acting enoyl reductase Rv2449c => Putative trans-acting enoyl reductase
[15:19:24] Modify product: Probable metabolite transport protein CsbC => putative metabolite transport protein CsbC
[15:19:24] Modify product: Putative short-chain type dehydrogenase/reductase Rv0148 => Putative short-chain type dehydrogenase/reductase
[15:19:24] Modify product: Putative CoA-transferase subunit alpha Rv3551 => Putative CoA-transferase subunit alpha
[15:19:24] Modify product: Putative CoA-transferase subunit beta Rv3552 => Putative CoA-transferase subunit beta
[15:19:24] Modify product: Uncharacterized oxidoreductase Rv1350 => putative oxidoreductase
[15:19:24] Modify product: Uncharacterized GMC-type oxidoreductase Rv1279 => putative GMC-type oxidoreductase
[15:19:25] Modify product: Probable methylmalonyl-CoA mutase large subunit => putative methylmalonyl-CoA mutase large subunit
[15:19:25] Modify product: Probable GTPase Rv1496 => putative GTPase
[15:19:25] Modify product: Uncharacterized protein Rv0502 => putative protein
[15:19:25] Modify product: Uncharacterized ABC transporter ATP-binding protein TM_0288 => putative ABC transporter ATP-binding protein
[15:19:25] Modify product: Uncharacterized oxidoreductase YgfF => putative oxidoreductase YgfF
[15:19:25] Modify product: Uncharacterized oxidoreductase MSMEG_2408/MSMEI_2347 => putative oxidoreductase/MSMEI_2347
[15:19:25] Modify product: Uncharacterized oxidoreductase Rv1350 => putative oxidoreductase
[15:19:25] Modify product: Uncharacterized protein Rv0906 => putative protein
[15:19:25] Modify product: Probable murein peptide carboxypeptidase => putative murein peptide carboxypeptidase
[15:19:25] Modify product: Probable bifunctional transcriptional activator/DNA repair enzyme AlkA => putative bifunctional transcriptional activator/DNA repair enzyme AlkA
[15:19:25] Modify product: Uncharacterized HTH-type transcriptional regulator Rv0880 => putative HTH-type transcriptional regulator
[15:19:25] Modify product: Probable glutamine ABC transporter permease protein GlnM => putative glutamine ABC transporter permease protein GlnM
[15:19:25] Modify product: Probable fructoselysine utilization operon transcriptional repressor => putative fructoselysine utilization operon transcriptional repressor
[15:19:25] Modify product: Probable xanthine dehydrogenase subunit A => putative xanthine dehydrogenase subunit A
[15:19:25] Modify product: Probable xanthine dehydrogenase subunit D => putative xanthine dehydrogenase subunit D
[15:19:25] Modify product: Probable bifunctional transcriptional activator/DNA repair enzyme AlkA => putative bifunctional transcriptional activator/DNA repair enzyme AlkA
[15:19:25] Modify product: Probable zinc-binding alcohol dehydrogenase Rv1895 => putative zinc-binding alcohol dehydrogenase
[15:19:25] Modify product: Probable phosphoadenosine phosphosulfate reductase => putative phosphoadenosine phosphosulfate reductase
[15:19:25] Modify product: Probable adenylyl-sulfate kinase => putative adenylyl-sulfate kinase
[15:19:25] Modify product: Glycogen operon protein GlgX homolog => Glycogen operon protein GlgX 
[15:19:25] Cleaned 416 /product names
[15:19:25] Deleting unwanted file: HP126_prokka_output/output_name.sprot.tmp.15335.faa
[15:19:25] Deleting unwanted file: HP126_prokka_output/output_name.sprot.tmp.15335.blast
[15:19:34] There are still 4717 unannotated CDS left (started with 7640)
[15:19:34] Will use hmmer3 to search against /sw/bioinfo/prokka/1.45-5b58020/rackham/db/hmm/HAMAP.hmm with 4 CPUs
[15:19:34] Running: cat HP126_prokka_output\/output_name\.HAMAP\.hmm\.tmp\.15335\.faa | parallel --gnu --plain -j 4 --block 179992 --recstart '>' --pipe hmmscan --noali --notextw --acc -E 1e-09 --cpu 1 /sw/bioinfo/prokka/1.45-5b58020/rackham/db/hmm/HAMAP.hmm /dev/stdin > HP126_prokka_output\/output_name\.HAMAP\.hmm\.tmp\.15335\.hmmer3 2> /dev/null
[15:21:46] Modify product: Uncharacterized Nudix hydrolase NudL => putative Nudix hydrolase NudL
[15:21:46] Modify product: Uncharacterized MFS-type transporter YhhS => putative MFS-type transporter YhhS
[15:21:47] Cleaned 2 /product names
[15:21:47] Deleting unwanted file: HP126_prokka_output/output_name.HAMAP.hmm.tmp.15335.faa
[15:21:47] Deleting unwanted file: HP126_prokka_output/output_name.HAMAP.hmm.tmp.15335.hmmer3
[15:21:47] Labelling remaining 4134 proteins as 'hypothetical protein'
[15:21:47] Possible /pseudo 'Dimodular nonribosomal peptide synthase' at contig_1_pilon position 10817
[15:21:47] Possible /pseudo 'putative protein' at contig_1_pilon position 35402
[15:21:47] Possible /pseudo 'Linear gramicidin synthase subunit B' at contig_1_pilon position 646014
[15:21:47] Possible /pseudo 'A-factor receptor protein' at contig_1_pilon position 1099310
[15:21:47] Possible /pseudo 'Isochorismatase' at contig_1_pilon position 1205622
[15:21:47] Possible /pseudo 'D-alanine--D-alanyl carrier protein ligase' at contig_1_pilon position 1318388
[15:21:47] Possible /pseudo 'Trk system potassium uptake protein TrkA' at contig_1_pilon position 1350033
[15:21:47] Possible /pseudo 'Citrate synthase 1' at contig_1_pilon position 1397191
[15:21:47] Possible /pseudo 'Vitamin B12 import ATP-binding protein BtuD' at contig_1_pilon position 1836754
[15:21:47] Possible /pseudo 'L,D-transpeptidase 2' at contig_1_pilon position 1866361
[15:21:47] Possible /pseudo 'Putative multidrug export ATP-binding/permease protein' at contig_1_pilon position 1872223
[15:21:47] Possible /pseudo 'Transglutaminase-activating metalloprotease' at contig_1_pilon position 1885452
[15:21:47] Possible /pseudo 'Tol-Pal system protein TolB' at contig_1_pilon position 2187189
[15:21:47] Possible /pseudo 'ATP-dependent DNA helicase Rep' at contig_1_pilon position 2241633
[15:21:47] Possible /pseudo 'IS1182 family transposase ISSdi1' at contig_1_pilon position 2360807
[15:21:47] Possible /pseudo 'putative protein' at contig_1_pilon position 2728725
[15:21:47] Possible /pseudo 'RNA polymerase sigma factor SigF' at contig_1_pilon position 3276617
[15:21:47] Possible /pseudo 'Serine/threonine-protein kinase PknD' at contig_1_pilon position 3572371
[15:21:47] Possible /pseudo 'putative protein' at contig_1_pilon position 3880871
[15:21:47] Possible /pseudo 'Putative peptide transport permease protein' at contig_1_pilon position 4200312
[15:21:47] Possible /pseudo 'IS1182 family transposase ISSdi1' at contig_1_pilon position 4548837
[15:21:47] Possible /pseudo 'Polyisoprenyl-teichoic acid--peptidoglycan teichoic acid transferase TagU' at contig_1_pilon position 4565374
[15:21:47] Possible /pseudo 'Polyisoprenyl-teichoic acid--peptidoglycan teichoic acid transferase TagU' at contig_1_pilon position 4567394
[15:21:47] Possible /pseudo 'Serine/threonine-protein kinase PknD' at contig_1_pilon position 4667143
[15:21:47] Possible /pseudo 'PTS system N-acetylglucosamine-specific EIIC component' at contig_1_pilon position 4749785
[15:21:47] Possible /pseudo 'Maleate isomerase' at contig_1_pilon position 4821086
[15:21:47] Possible /pseudo 'GABA permease' at contig_1_pilon position 5046936
[15:21:47] Possible /pseudo 'Nitrite reductase [NAD(P)H]' at contig_1_pilon position 5239486
[15:21:47] Possible /pseudo 'General stress protein 16U' at contig_1_pilon position 5349457
[15:21:47] Possible /pseudo 'Enterobactin exporter EntS' at contig_1_pilon position 5577523
[15:21:47] Possible /pseudo 'putative D,D-dipeptide-binding periplasmic protein DdpA' at contig_1_pilon position 6435289
[15:21:47] Possible /pseudo '3-ketoacyl-CoA thiolase' at contig_3_pilon position 442753
[15:21:47] Possible /pseudo 'Dimodular nonribosomal peptide synthase' at contig_3_pilon position 539381
[15:21:47] Possible /pseudo 'putative multidrug resistance ABC transporter ATP-binding/permease protein YheI' at contig_4_pilon position 85788
[15:21:47] Possible /pseudo 'L-carnitine dehydrogenase' at contig_4_pilon position 318081
[15:21:47] Possible /pseudo 'IS5 family transposase IS1647' at contig_4_pilon position 447648
[15:21:47] Possible /pseudo 'Cytochrome P450 165B3' at contig_4_pilon position 553702
[15:21:47] Possible /pseudo 'Linear gramicidin synthase subunit B' at contig_4_pilon position 579629
[15:21:47] Found 1869 unique /gene codes.
[15:21:47] Fixed 5 duplicate /gene - mycG_1 mycG_2 mycG_3 mycG_4 mycG_5
[15:21:47] Fixed 2 duplicate /gene - groS_1 groS_2
[15:21:47] Fixed 2 duplicate /gene - yncE_1 yncE_2
[15:21:47] Fixed 2 duplicate /gene - soxR_1 soxR_2
[15:21:47] Fixed 2 duplicate /gene - ddaF_1 ddaF_2
[15:21:47] Fixed 3 duplicate /gene - ponA1_1 ponA1_2 ponA1_3
[15:21:47] Fixed 6 duplicate /gene - yceD_1 yceD_2 yceD_3 yceD_4 yceD_5 yceD_6
[15:21:47] Fixed 2 duplicate /gene - trmR_1 trmR_2
[15:21:47] Fixed 2 duplicate /gene - relA_1 relA_2
[15:21:47] Fixed 2 duplicate /gene - nhaK_1 nhaK_2
[15:21:47] Fixed 2 duplicate /gene - folE_1 folE_2
[15:21:47] Fixed 2 duplicate /gene - alkA_1 alkA_2
[15:21:47] Fixed 2 duplicate /gene - gatA_1 gatA_2
[15:21:47] Fixed 2 duplicate /gene - pccB_1 pccB_2
[15:21:47] Fixed 2 duplicate /gene - embR_1 embR_2
[15:21:47] Fixed 2 duplicate /gene - cpnA_1 cpnA_2
[15:21:47] Fixed 7 duplicate /gene - benM_1 benM_2 benM_3 benM_4 benM_5 benM_6 benM_7
[15:21:47] Fixed 2 duplicate /gene - atpH_1 atpH_2
[15:21:47] Fixed 2 duplicate /gene - gbh_1 gbh_2
[15:21:47] Fixed 2 duplicate /gene - elmGT_1 elmGT_2
[15:21:47] Fixed 2 duplicate /gene - yedY1_1 yedY1_2
[15:21:47] Fixed 3 duplicate /gene - carB_1 carB_2 carB_3
[15:21:47] Fixed 2 duplicate /gene - dadA_1 dadA_2
[15:21:47] Fixed 3 duplicate /gene - nasD_1 nasD_2 nasD_3
[15:21:47] Fixed 7 duplicate /gene - yajO_1 yajO_2 yajO_3 yajO_4 yajO_5 yajO_6 yajO_7
[15:21:47] Fixed 2 duplicate /gene - kgtP_1 kgtP_2
[15:21:47] Fixed 4 duplicate /gene - gabR_1 gabR_2 gabR_3 gabR_4
[15:21:47] Fixed 3 duplicate /gene - yegS_1 yegS_2 yegS_3
[15:21:47] Fixed 4 duplicate /gene - oxyR_1 oxyR_2 oxyR_3 oxyR_4
[15:21:47] Fixed 2 duplicate /gene - gtfA_1 gtfA_2
[15:21:47] Fixed 4 duplicate /gene - narX_1 narX_2 narX_3 narX_4
[15:21:47] Fixed 2 duplicate /gene - hutI_1 hutI_2
[15:21:47] Fixed 2 duplicate /gene - kdpD_1 kdpD_2
[15:21:47] Fixed 2 duplicate /gene - dap4_1 dap4_2
[15:21:47] Fixed 4 duplicate /gene - azoB_1 azoB_2 azoB_3 azoB_4
[15:21:47] Fixed 5 duplicate /gene - ldtB_1 ldtB_2 ldtB_3 ldtB_4 ldtB_5
[15:21:47] Fixed 9 duplicate /gene - menH_1 menH_2 menH_3 menH_4 menH_5 menH_6 menH_7 menH_8 menH_9
[15:21:47] Fixed 2 duplicate /gene - lrpC_1 lrpC_2
[15:21:47] Fixed 2 duplicate /gene - paoB_1 paoB_2
[15:21:47] Fixed 3 duplicate /gene - caiD_1 caiD_2 caiD_3
[15:21:47] Fixed 3 duplicate /gene - yycB_1 yycB_2 yycB_3
[15:21:47] Fixed 3 duplicate /gene - novG_1 novG_2 novG_3
[15:21:47] Fixed 5 duplicate /gene - hdfR_1 hdfR_2 hdfR_3 hdfR_4 hdfR_5
[15:21:47] Fixed 3 duplicate /gene - yceI_1 yceI_2 yceI_3
[15:21:47] Fixed 3 duplicate /gene - glmS_1 glmS_2 glmS_3
[15:21:47] Fixed 3 duplicate /gene - yfmJ_1 yfmJ_2 yfmJ_3
[15:21:47] Fixed 2 duplicate /gene - clpP2_1 clpP2_2
[15:21:47] Fixed 2 duplicate /gene - mmcR_1 mmcR_2
[15:21:47] Fixed 2 duplicate /gene - carC_1 carC_2
[15:21:47] Fixed 2 duplicate /gene - dapH_1 dapH_2
[15:21:47] Fixed 3 duplicate /gene - mrdA_1 mrdA_2 mrdA_3
[15:21:47] Fixed 3 duplicate /gene - efpA_1 efpA_2 efpA_3
[15:21:47] Fixed 2 duplicate /gene - lldR_1 lldR_2
[15:21:47] Fixed 2 duplicate /gene - fba_1 fba_2
[15:21:47] Fixed 2 duplicate /gene - ilvB_1 ilvB_2
[15:21:47] Fixed 13 duplicate /gene - degU_1 degU_2 degU_3 degU_4 degU_5 degU_6 degU_7 degU_8 degU_9 degU_10 degU_11 degU_12 degU_13
[15:21:47] Fixed 2 duplicate /gene - cysK_1 cysK_2
[15:21:47] Fixed 2 duplicate /gene - dapL_1 dapL_2
[15:21:47] Fixed 5 duplicate /gene - ssgB_1 ssgB_2 ssgB_3 ssgB_4 ssgB_5
[15:21:47] Fixed 3 duplicate /gene - metB_1 metB_2 metB_3
[15:21:47] Fixed 2 duplicate /gene - ddmA1_1 ddmA1_2
[15:21:47] Fixed 4 duplicate /gene - tdh_1 tdh_2 tdh_3 tdh_4
[15:21:47] Fixed 3 duplicate /gene - sufS_1 sufS_2 sufS_3
[15:21:47] Fixed 3 duplicate /gene - rodA_1 rodA_2 rodA_3
[15:21:47] Fixed 6 duplicate /gene - dapE_1 dapE_2 dapE_3 dapE_4 dapE_5 dapE_6
[15:21:47] Fixed 3 duplicate /gene - mltG_1 mltG_2 mltG_3
[15:21:47] Fixed 8 duplicate /gene - entS_1 entS_2 entS_3 entS_4 entS_5 entS_6 entS_7 entS_8
[15:21:47] Fixed 2 duplicate /gene - sdhA_1 sdhA_2
[15:21:47] Fixed 2 duplicate /gene - pld_1 pld_2
[15:21:47] Fixed 3 duplicate /gene - pksS_1 pksS_2 pksS_3
[15:21:47] Fixed 5 duplicate /gene - dasC_1 dasC_2 dasC_3 dasC_4 dasC_5
[15:21:47] Fixed 2 duplicate /gene - aguA_1 aguA_2
[15:21:47] Fixed 3 duplicate /gene - feuC_1 feuC_2 feuC_3
[15:21:47] Fixed 3 duplicate /gene - cpdA_1 cpdA_2 cpdA_3
[15:21:47] Fixed 2 duplicate /gene - menF_1 menF_2
[15:21:47] Fixed 2 duplicate /gene - pytH_1 pytH_2
[15:21:47] Fixed 2 duplicate /gene - rpmG2_1 rpmG2_2
[15:21:47] Fixed 2 duplicate /gene - shc_1 shc_2
[15:21:47] Fixed 2 duplicate /gene - licH_1 licH_2
[15:21:47] Fixed 4 duplicate /gene - tet(X)_1 tet(X)_2 tet(X)_3 tet(X)_4
[15:21:47] Fixed 2 duplicate /gene - vraR_1 vraR_2
[15:21:47] Fixed 3 duplicate /gene - ngcG_1 ngcG_2 ngcG_3
[15:21:47] Fixed 3 duplicate /gene - rsbW_1 rsbW_2 rsbW_3
[15:21:47] Fixed 4 duplicate /gene - eis_1 eis_2 eis_3 eis_4
[15:21:47] Fixed 4 duplicate /gene - strE_1 strE_2 strE_3 strE_4
[15:21:47] Fixed 5 duplicate /gene - glnQ_1 glnQ_2 glnQ_3 glnQ_4 glnQ_5
[15:21:47] Fixed 4 duplicate /gene - mshD_1 mshD_2 mshD_3 mshD_4
[15:21:47] Fixed 2 duplicate /gene - lcdH_1 lcdH_2
[15:21:47] Fixed 2 duplicate /gene - lptB_1 lptB_2
[15:21:47] Fixed 2 duplicate /gene - davT_1 davT_2
[15:21:47] Fixed 2 duplicate /gene - gyrB_1 gyrB_2
[15:21:47] Fixed 2 duplicate /gene - ypeA_1 ypeA_2
[15:21:47] Fixed 3 duplicate /gene - sepF_1 sepF_2 sepF_3
[15:21:47] Fixed 4 duplicate /gene - acsA_1 acsA_2 acsA_3 acsA_4
[15:21:47] Fixed 2 duplicate /gene - yybR_1 yybR_2
[15:21:47] Fixed 2 duplicate /gene - paoA_1 paoA_2
[15:21:47] Fixed 7 duplicate /gene - whiB_1 whiB_2 whiB_3 whiB_4 whiB_5 whiB_6 whiB_7
[15:21:47] Fixed 2 duplicate /gene - ssuB_1 ssuB_2
[15:21:47] Fixed 2 duplicate /gene - merR1_1 merR1_2
[15:21:47] Fixed 4 duplicate /gene - scoF_1 scoF_2 scoF_3 scoF_4
[15:21:47] Fixed 3 duplicate /gene - nimR_1 nimR_2 nimR_3
[15:21:47] Fixed 2 duplicate /gene - cynR_1 cynR_2
[15:21:47] Fixed 4 duplicate /gene - dap_1 dap_2 dap_3 dap_4
[15:21:47] Fixed 6 duplicate /gene - iolS_1 iolS_2 iolS_3 iolS_4 iolS_5 iolS_6
[15:21:47] Fixed 5 duplicate /gene - yfiY_1 yfiY_2 yfiY_3 yfiY_4 yfiY_5
[15:21:47] Fixed 2 duplicate /gene - ramC_1 ramC_2
[15:21:47] Fixed 2 duplicate /gene - pspA_1 pspA_2
[15:21:47] Fixed 2 duplicate /gene - gbpA_1 gbpA_2
[15:21:47] Fixed 5 duplicate /gene - devR_1 devR_2 devR_3 devR_4 devR_5
[15:21:47] Fixed 7 duplicate /gene - tolB_1 tolB_2 tolB_3 tolB_4 tolB_5 tolB_6 tolB_7
[15:21:47] Fixed 2 duplicate /gene - yheI_1 yheI_2
[15:21:47] Fixed 2 duplicate /gene - cypB_1 cypB_2
[15:21:47] Fixed 2 duplicate /gene - leuC_1 leuC_2
[15:21:47] Fixed 2 duplicate /gene - xylH_1 xylH_2
[15:21:47] Fixed 3 duplicate /gene - thpR_1 thpR_2 thpR_3
[15:21:47] Fixed 2 duplicate /gene - thcD_1 thcD_2
[15:21:47] Fixed 2 duplicate /gene - arnB_1 arnB_2
[15:21:47] Fixed 5 duplicate /gene - dppB_1 dppB_2 dppB_3 dppB_4 dppB_5
[15:21:47] Fixed 2 duplicate /gene - rpmB_1 rpmB_2
[15:21:47] Fixed 2 duplicate /gene - xynR_1 xynR_2
[15:21:47] Fixed 6 duplicate /gene - afsR_1 afsR_2 afsR_3 afsR_4 afsR_5 afsR_6
[15:21:47] Fixed 2 duplicate /gene - leuE_1 leuE_2
[15:21:47] Fixed 5 duplicate /gene - fepD_1 fepD_2 fepD_3 fepD_4 fepD_5
[15:21:47] Fixed 2 duplicate /gene - gpmA_1 gpmA_2
[15:21:47] Fixed 4 duplicate /gene - oxyS_1 oxyS_2 oxyS_3 oxyS_4
[15:21:47] Fixed 3 duplicate /gene - lolD_1 lolD_2 lolD_3
[15:21:47] Fixed 2 duplicate /gene - fecE_1 fecE_2
[15:21:47] Fixed 2 duplicate /gene - pgsA2_1 pgsA2_2
[15:21:47] Fixed 5 duplicate /gene - asnO_1 asnO_2 asnO_3 asnO_4 asnO_5
[15:21:47] Fixed 5 duplicate /gene - cseC_1 cseC_2 cseC_3 cseC_4 cseC_5
[15:21:47] Fixed 2 duplicate /gene - nanR_1 nanR_2
[15:21:47] Fixed 2 duplicate /gene - trpC_1 trpC_2
[15:21:47] Fixed 6 duplicate /gene - tagU_1 tagU_2 tagU_3 tagU_4 tagU_5 tagU_6
[15:21:47] Fixed 2 duplicate /gene - fepG_1 fepG_2
[15:21:47] Fixed 3 duplicate /gene - bioF_1 bioF_2 bioF_3
[15:21:47] Fixed 2 duplicate /gene - potA_1 potA_2
[15:21:47] Fixed 2 duplicate /gene - ppx1_1 ppx1_2
[15:21:47] Fixed 2 duplicate /gene - csbC_1 csbC_2
[15:21:47] Fixed 3 duplicate /gene - proP_1 proP_2 proP_3
[15:21:47] Fixed 3 duplicate /gene - murG_1 murG_2 murG_3
[15:21:47] Fixed 2 duplicate /gene - glnM_1 glnM_2
[15:21:47] Fixed 3 duplicate /gene - petC_1 petC_2 petC_3
[15:21:47] Fixed 6 duplicate /gene - lgrB_1 lgrB_2 lgrB_3 lgrB_4 lgrB_5 lgrB_6
[15:21:47] Fixed 2 duplicate /gene - apt_1 apt_2
[15:21:47] Fixed 2 duplicate /gene - glyA_1 glyA_2
[15:21:47] Fixed 2 duplicate /gene - lnt_1 lnt_2
[15:21:47] Fixed 2 duplicate /gene - prpB_1 prpB_2
[15:21:47] Fixed 2 duplicate /gene - cysO_1 cysO_2
[15:21:47] Fixed 2 duplicate /gene - rutB_1 rutB_2
[15:21:47] Fixed 2 duplicate /gene - sbnB_1 sbnB_2
[15:21:47] Fixed 2 duplicate /gene - uacT_1 uacT_2
[15:21:47] Fixed 5 duplicate /gene - pepN_1 pepN_2 pepN_3 pepN_4 pepN_5
[15:21:47] Fixed 2 duplicate /gene - yraA_1 yraA_2
[15:21:47] Fixed 2 duplicate /gene - betP_1 betP_2
[15:21:47] Fixed 7 duplicate /gene - sigF_1 sigF_2 sigF_3 sigF_4 sigF_5 sigF_6 sigF_7
[15:21:47] Fixed 3 duplicate /gene - kstR2_1 kstR2_2 kstR2_3
[15:21:47] Fixed 4 duplicate /gene - melD_1 melD_2 melD_3 melD_4
[15:21:47] Fixed 3 duplicate /gene - ccpA_1 ccpA_2 ccpA_3
[15:21:47] Fixed 2 duplicate /gene - ygfF_1 ygfF_2
[15:21:47] Fixed 3 duplicate /gene - acpP_1 acpP_2 acpP_3
[15:21:47] Fixed 2 duplicate /gene - lppS_1 lppS_2
[15:21:47] Fixed 2 duplicate /gene - aceB_1 aceB_2
[15:21:47] Fixed 4 duplicate /gene - tcrA_1 tcrA_2 tcrA_3 tcrA_4
[15:21:47] Fixed 3 duplicate /gene - COQ3_1 COQ3_2 COQ3_3
[15:21:47] Fixed 2 duplicate /gene - gyrA_1 gyrA_2
[15:21:47] Fixed 3 duplicate /gene - dasA_1 dasA_2 dasA_3
[15:21:47] Fixed 2 duplicate /gene - rsgA_1 rsgA_2
[15:21:47] Fixed 2 duplicate /gene - tal_1 tal_2
[15:21:47] Fixed 2 duplicate /gene - gvpA_1 gvpA_2
[15:21:47] Fixed 2 duplicate /gene - fadR_1 fadR_2
[15:21:47] Fixed 2 duplicate /gene - serC_1 serC_2
[15:21:47] Fixed 4 duplicate /gene - acdA_1 acdA_2 acdA_3 acdA_4
[15:21:47] Fixed 8 duplicate /gene - cdhR_1 cdhR_2 cdhR_3 cdhR_4 cdhR_5 cdhR_6 cdhR_7 cdhR_8
[15:21:47] Fixed 4 duplicate /gene - tetR_1 tetR_2 tetR_3 tetR_4
[15:21:47] Fixed 2 duplicate /gene - ppsE_1 ppsE_2
[15:21:47] Fixed 2 duplicate /gene - trkA_1 trkA_2
[15:21:47] Fixed 2 duplicate /gene - sutR_1 sutR_2
[15:21:47] Fixed 2 duplicate /gene - mprA_1 mprA_2
[15:21:47] Fixed 2 duplicate /gene - sprT_1 sprT_2
[15:21:47] Fixed 3 duplicate /gene - asnC_1 asnC_2 asnC_3
[15:21:47] Fixed 3 duplicate /gene - ydfJ_1 ydfJ_2 ydfJ_3
[15:21:47] Fixed 2 duplicate /gene - lacZ_1 lacZ_2
[15:21:47] Fixed 15 duplicate /gene - pcm_1 pcm_2 pcm_3 pcm_4 pcm_5 pcm_6 pcm_7 pcm_8 pcm_9 pcm_10 pcm_11 pcm_12 pcm_13 pcm_14 pcm_15
[15:21:47] Fixed 2 duplicate /gene - fbiB_1 fbiB_2
[15:21:47] Fixed 2 duplicate /gene - glnH_1 glnH_2
[15:21:47] Fixed 2 duplicate /gene - bioI_1 bioI_2
[15:21:47] Fixed 2 duplicate /gene - ssuC_1 ssuC_2
[15:21:47] Fixed 4 duplicate /gene - ispH2_1 ispH2_2 ispH2_3 ispH2_4
[15:21:47] Fixed 2 duplicate /gene - fabR_1 fabR_2
[15:21:47] Fixed 2 duplicate /gene - fabG2_1 fabG2_2
[15:21:47] Fixed 2 duplicate /gene - ptlI_1 ptlI_2
[15:21:47] Fixed 4 duplicate /gene - oppD_1 oppD_2 oppD_3 oppD_4
[15:21:47] Fixed 3 duplicate /gene - dhmA_1 dhmA_2 dhmA_3
[15:21:47] Fixed 2 duplicate /gene - accA1_1 accA1_2
[15:21:47] Fixed 2 duplicate /gene - nagE2_1 nagE2_2
[15:21:47] Fixed 3 duplicate /gene - btuF_1 btuF_2 btuF_3
[15:21:47] Fixed 2 duplicate /gene - srtE1_1 srtE1_2
[15:21:47] Fixed 2 duplicate /gene - proC_1 proC_2
[15:21:47] Fixed 2 duplicate /gene - chpD_1 chpD_2
[15:21:47] Fixed 4 duplicate /gene - nanK_1 nanK_2 nanK_3 nanK_4
[15:21:47] Fixed 3 duplicate /gene - IMPDH_1 IMPDH_2 IMPDH_3
[15:21:47] Fixed 2 duplicate /gene - ispG_1 ispG_2
[15:21:47] Fixed 3 duplicate /gene - qorA_1 qorA_2 qorA_3
[15:21:47] Fixed 2 duplicate /gene - leuA_1 leuA_2
[15:21:47] Fixed 2 duplicate /gene - soxC_1 soxC_2
[15:21:47] Fixed 3 duplicate /gene - ispB_1 ispB_2 ispB_3
[15:21:47] Fixed 2 duplicate /gene - astD_1 astD_2
[15:21:47] Fixed 4 duplicate /gene - lacF_1 lacF_2 lacF_3 lacF_4
[15:21:47] Fixed 3 duplicate /gene - glkA_1 glkA_2 glkA_3
[15:21:47] Fixed 3 duplicate /gene - hemC_1 hemC_2 hemC_3
[15:21:47] Fixed 2 duplicate /gene - opuCB_1 opuCB_2
[15:21:47] Fixed 2 duplicate /gene - nagR_1 nagR_2
[15:21:47] Fixed 2 duplicate /gene - sigG_1 sigG_2
[15:21:47] Fixed 3 duplicate /gene - regX3_1 regX3_2 regX3_3
[15:21:47] Fixed 2 duplicate /gene - aceE_1 aceE_2
[15:21:47] Fixed 2 duplicate /gene - dxs_1 dxs_2
[15:21:47] Fixed 3 duplicate /gene - resA_1 resA_2 resA_3
[15:21:47] Fixed 15 duplicate /gene - COQ5_1 COQ5_2 COQ5_3 COQ5_4 COQ5_5 COQ5_6 COQ5_7 COQ5_8 COQ5_9 COQ5_10 COQ5_11 COQ5_12 COQ5_13 COQ5_14 COQ5_15
[15:21:47] Fixed 5 duplicate /gene - dinG_1 dinG_2 dinG_3 dinG_4 dinG_5
[15:21:47] Fixed 2 duplicate /gene - hutH_1 hutH_2
[15:21:47] Fixed 4 duplicate /gene - hisC_1 hisC_2 hisC_3 hisC_4
[15:21:47] Fixed 2 duplicate /gene - yxdL_1 yxdL_2
[15:21:47] Fixed 3 duplicate /gene - whiB1_1 whiB1_2 whiB1_3
[15:21:47] Fixed 3 duplicate /gene - bmrA_1 bmrA_2 bmrA_3
[15:21:47] Fixed 2 duplicate /gene - eno_1 eno_2
[15:21:47] Fixed 2 duplicate /gene - fldP_1 fldP_2
[15:21:47] Fixed 4 duplicate /gene - bacC_1 bacC_2 bacC_3 bacC_4
[15:21:47] Fixed 2 duplicate /gene - ftsH_1 ftsH_2
[15:21:47] Fixed 4 duplicate /gene - pbpA_1 pbpA_2 pbpA_3 pbpA_4
[15:21:47] Fixed 6 duplicate /gene - lgrD_1 lgrD_2 lgrD_3 lgrD_4 lgrD_5 lgrD_6
[15:21:47] Fixed 2 duplicate /gene - lysX_1 lysX_2
[15:21:47] Fixed 2 duplicate /gene - lrp_1 lrp_2
[15:21:47] Fixed 2 duplicate /gene - lsr2_1 lsr2_2
[15:21:47] Fixed 2 duplicate /gene - dppC_1 dppC_2
[15:21:47] Fixed 3 duplicate /gene - recD2_1 recD2_2 recD2_3
[15:21:47] Fixed 2 duplicate /gene - yceC_1 yceC_2
[15:21:47] Fixed 2 duplicate /gene - npr_1 npr_2
[15:21:47] Fixed 2 duplicate /gene - ylmA_1 ylmA_2
[15:21:47] Fixed 2 duplicate /gene - viuB_1 viuB_2
[15:21:47] Fixed 2 duplicate /gene - scmP_1 scmP_2
[15:21:47] Fixed 5 duplicate /gene - rhaS_1 rhaS_2 rhaS_3 rhaS_4 rhaS_5
[15:21:47] Fixed 2 duplicate /gene - devS_1 devS_2
[15:21:47] Fixed 2 duplicate /gene - malT_1 malT_2
[15:21:47] Fixed 2 duplicate /gene - galE_1 galE_2
[15:21:47] Fixed 2 duplicate /gene - add_1 add_2
[15:21:47] Fixed 2 duplicate /gene - oxyE_1 oxyE_2
[15:21:47] Fixed 2 duplicate /gene - priA_1 priA_2
[15:21:47] Fixed 2 duplicate /gene - ycbX_1 ycbX_2
[15:21:47] Fixed 2 duplicate /gene - glpF_1 glpF_2
[15:21:47] Fixed 2 duplicate /gene - tsaD_1 tsaD_2
[15:21:47] Fixed 5 duplicate /gene - ssuD_1 ssuD_2 ssuD_3 ssuD_4 ssuD_5
[15:21:47] Fixed 2 duplicate /gene - recF_1 recF_2
[15:21:47] Fixed 2 duplicate /gene - puuP_1 puuP_2
[15:21:47] Fixed 2 duplicate /gene - mgtA_1 mgtA_2
[15:21:47] Fixed 2 duplicate /gene - ogt_1 ogt_2
[15:21:47] Fixed 5 duplicate /gene - ybiT_1 ybiT_2 ybiT_3 ybiT_4 ybiT_5
[15:21:47] Fixed 4 duplicate /gene - pikC_1 pikC_2 pikC_3 pikC_4
[15:21:47] Fixed 2 duplicate /gene - hmo_1 hmo_2
[15:21:47] Fixed 2 duplicate /gene - azoR_1 azoR_2
[15:21:47] Fixed 2 duplicate /gene - gntR_1 gntR_2
[15:21:47] Fixed 2 duplicate /gene - dgoD_1 dgoD_2
[15:21:47] Fixed 2 duplicate /gene - fgd1_1 fgd1_2
[15:21:47] Fixed 3 duplicate /gene - gbsA_1 gbsA_2 gbsA_3
[15:21:47] Fixed 3 duplicate /gene - aroH_1 aroH_2 aroH_3
[15:21:47] Fixed 8 duplicate /gene - mshA_1 mshA_2 mshA_3 mshA_4 mshA_5 mshA_6 mshA_7 mshA_8
[15:21:47] Fixed 2 duplicate /gene - barS1_1 barS1_2
[15:21:47] Fixed 2 duplicate /gene - fpuB_1 fpuB_2
[15:21:47] Fixed 2 duplicate /gene - chrR_1 chrR_2
[15:21:47] Fixed 3 duplicate /gene - rcsC_1 rcsC_2 rcsC_3
[15:21:47] Fixed 2 duplicate /gene - bca_1 bca_2
[15:21:47] Fixed 2 duplicate /gene - mreB_1 mreB_2
[15:21:47] Fixed 2 duplicate /gene - lacC_1 lacC_2
[15:21:47] Fixed 2 duplicate /gene - ltrA_1 ltrA_2
[15:21:47] Fixed 4 duplicate /gene - cysQ_1 cysQ_2 cysQ_3 cysQ_4
[15:21:47] Fixed 2 duplicate /gene - paaF_1 paaF_2
[15:21:47] Fixed 5 duplicate /gene - dhbB_1 dhbB_2 dhbB_3 dhbB_4 dhbB_5
[15:21:47] Fixed 3 duplicate /gene - afsQ1_1 afsQ1_2 afsQ1_3
[15:21:47] Fixed 4 duplicate /gene - glpE_1 glpE_2 glpE_3 glpE_4
[15:21:47] Fixed 4 duplicate /gene - corA_1 corA_2 corA_3 corA_4
[15:21:47] Fixed 3 duplicate /gene - tuf_1 tuf_2 tuf_3
[15:21:47] Fixed 2 duplicate /gene - lutR_1 lutR_2
[15:21:47] Fixed 2 duplicate /gene - gerN_1 gerN_2
[15:21:47] Fixed 2 duplicate /gene - ndhI_1 ndhI_2
[15:21:47] Fixed 12 duplicate /gene - gph_1 gph_2 gph_3 gph_4 gph_5 gph_6 gph_7 gph_8 gph_9 gph_10 gph_11 gph_12
[15:21:47] Fixed 6 duplicate /gene - drrB_1 drrB_2 drrB_3 drrB_4 drrB_5 drrB_6
[15:21:47] Fixed 2 duplicate /gene - pdxH_1 pdxH_2
[15:21:47] Fixed 12 duplicate /gene - betI_1 betI_2 betI_3 betI_4 betI_5 betI_6 betI_7 betI_8 betI_9 betI_10 betI_11 betI_12
[15:21:47] Fixed 2 duplicate /gene - rpsA_1 rpsA_2
[15:21:47] Fixed 2 duplicate /gene - map_1 map_2
[15:21:47] Fixed 2 duplicate /gene - ddc_1 ddc_2
[15:21:47] Fixed 2 duplicate /gene - snpA_1 snpA_2
[15:21:47] Fixed 3 duplicate /gene - glpQ_1 glpQ_2 glpQ_3
[15:21:47] Fixed 2 duplicate /gene - iucC_1 iucC_2
[15:21:47] Fixed 4 duplicate /gene - lysA_1 lysA_2 lysA_3 lysA_4
[15:21:47] Fixed 2 duplicate /gene - pcaB_1 pcaB_2
[15:21:47] Fixed 2 duplicate /gene - cysG_1 cysG_2
[15:21:47] Fixed 5 duplicate /gene - cytR_1 cytR_2 cytR_3 cytR_4 cytR_5
[15:21:47] Fixed 2 duplicate /gene - rox_1 rox_2
[15:21:47] Fixed 3 duplicate /gene - ncsB3_1 ncsB3_2 ncsB3_3
[15:21:47] Fixed 4 duplicate /gene - lcpA_1 lcpA_2 lcpA_3 lcpA_4
[15:21:47] Fixed 3 duplicate /gene - dapA_1 dapA_2 dapA_3
[15:21:47] Fixed 2 duplicate /gene - apaH_1 apaH_2
[15:21:47] Fixed 2 duplicate /gene - bauC_1 bauC_2
[15:21:47] Fixed 7 duplicate /gene - dltA_1 dltA_2 dltA_3 dltA_4 dltA_5 dltA_6 dltA_7
[15:21:47] Fixed 3 duplicate /gene - nepI_1 nepI_2 nepI_3
[15:21:47] Fixed 6 duplicate /gene - gltC_1 gltC_2 gltC_3 gltC_4 gltC_5 gltC_6
[15:21:47] Fixed 5 duplicate /gene - nagC_1 nagC_2 nagC_3 nagC_4 nagC_5
[15:21:47] Fixed 4 duplicate /gene - uvrA_1 uvrA_2 uvrA_3 uvrA_4
[15:21:47] Fixed 4 duplicate /gene - fabH_1 fabH_2 fabH_3 fabH_4
[15:21:47] Fixed 2 duplicate /gene - cynT_1 cynT_2
[15:21:47] Fixed 6 duplicate /gene - comR_1 comR_2 comR_3 comR_4 comR_5 comR_6
[15:21:47] Fixed 5 duplicate /gene - fabF_1 fabF_2 fabF_3 fabF_4 fabF_5
[15:21:47] Fixed 3 duplicate /gene - sti_1 sti_2 sti_3
[15:21:47] Fixed 4 duplicate /gene - ctaD_1 ctaD_2 ctaD_3 ctaD_4
[15:21:47] Fixed 3 duplicate /gene - bkdB_1 bkdB_2 bkdB_3
[15:21:47] Fixed 2 duplicate /gene - alaS_1 alaS_2
[15:21:47] Fixed 3 duplicate /gene - rbsR_1 rbsR_2 rbsR_3
[15:21:47] Fixed 3 duplicate /gene - subB_1 subB_2 subB_3
[15:21:47] Fixed 3 duplicate /gene - plcN_1 plcN_2 plcN_3
[15:21:47] Fixed 2 duplicate /gene - yecD_1 yecD_2
[15:21:47] Fixed 4 duplicate /gene - cugP_1 cugP_2 cugP_3 cugP_4
[15:21:47] Fixed 2 duplicate /gene - iucD_1 iucD_2
[15:21:47] Fixed 3 duplicate /gene - phoP_1 phoP_2 phoP_3
[15:21:47] Fixed 2 duplicate /gene - hrdB_1 hrdB_2
[15:21:47] Fixed 2 duplicate /gene - aml_1 aml_2
[15:21:47] Fixed 3 duplicate /gene - jefA_1 jefA_2 jefA_3
[15:21:47] Fixed 9 duplicate /gene - tam_1 tam_2 tam_3 tam_4 tam_5 tam_6 tam_7 tam_8 tam_9
[15:21:47] Fixed 10 duplicate /gene - mdtD_1 mdtD_2 mdtD_3 mdtD_4 mdtD_5 mdtD_6 mdtD_7 mdtD_8 mdtD_9 mdtD_10
[15:21:47] Fixed 2 duplicate /gene - xylF_1 xylF_2
[15:21:47] Fixed 3 duplicate /gene - glgX_1 glgX_2 glgX_3
[15:21:47] Fixed 5 duplicate /gene - nreC_1 nreC_2 nreC_3 nreC_4 nreC_5
[15:21:47] Fixed 2 duplicate /gene - glpK_1 glpK_2
[15:21:47] Fixed 2 duplicate /gene - pucD_1 pucD_2
[15:21:47] Fixed 3 duplicate /gene - aac_1 aac_2 aac_3
[15:21:47] Fixed 2 duplicate /gene - rpmF_1 rpmF_2
[15:21:47] Fixed 4 duplicate /gene - tipA_1 tipA_2 tipA_3 tipA_4
[15:21:47] Fixed 2 duplicate /gene - oppA_1 oppA_2
[15:21:47] Fixed 2 duplicate /gene - rhlE_1 rhlE_2
[15:21:47] Fixed 2 duplicate /gene - tadA_1 tadA_2
[15:21:47] Fixed 3 duplicate /gene - kimA_1 kimA_2 kimA_3
[15:21:47] Fixed 3 duplicate /gene - ligD_1 ligD_2 ligD_3
[15:21:47] Fixed 2 duplicate /gene - rbpA_1 rbpA_2
[15:21:47] Fixed 3 duplicate /gene - fadJ_1 fadJ_2 fadJ_3
[15:21:47] Fixed 2 duplicate /gene - tatA_1 tatA_2
[15:21:47] Fixed 3 duplicate /gene - btuC_1 btuC_2 btuC_3
[15:21:47] Fixed 2 duplicate /gene - trpS_1 trpS_2
[15:21:47] Fixed 2 duplicate /gene - linC_1 linC_2
[15:21:47] Fixed 4 duplicate /gene - narG_1 narG_2 narG_3 narG_4
[15:21:47] Fixed 2 duplicate /gene - maiA_1 maiA_2
[15:21:47] Fixed 3 duplicate /gene - def_1 def_2 def_3
[15:21:47] Fixed 2 duplicate /gene - nei1_1 nei1_2
[15:21:47] Fixed 2 duplicate /gene - ssuA_1 ssuA_2
[15:21:47] Fixed 4 duplicate /gene - yfcA_1 yfcA_2 yfcA_3 yfcA_4
[15:21:47] Fixed 2 duplicate /gene - ku_1 ku_2
[15:21:47] Fixed 3 duplicate /gene - hmp_1 hmp_2 hmp_3
[15:21:47] Fixed 2 duplicate /gene - menB_1 menB_2
[15:21:47] Fixed 3 duplicate /gene - mngR_1 mngR_2 mngR_3
[15:21:47] Fixed 3 duplicate /gene - gsiD_1 gsiD_2 gsiD_3
[15:21:47] Fixed 2 duplicate /gene - ggt_1 ggt_2
[15:21:47] Fixed 2 duplicate /gene - sprB_1 sprB_2
[15:21:47] Fixed 2 duplicate /gene - lepB_1 lepB_2
[15:21:47] Fixed 2 duplicate /gene - auaG_1 auaG_2
[15:21:47] Fixed 2 duplicate /gene - hdl IVa_1 hdl IVa_2
[15:21:47] Fixed 17 duplicate /gene - pknD_1 pknD_2 pknD_3 pknD_4 pknD_5 pknD_6 pknD_7 pknD_8 pknD_9 pknD_10 pknD_11 pknD_12 pknD_13 pknD_14 pknD_15 pknD_16 pknD_17
[15:21:47] Fixed 4 duplicate /gene - lcfB_1 lcfB_2 lcfB_3 lcfB_4
[15:21:47] Fixed 2 duplicate /gene - opuAA_1 opuAA_2
[15:21:47] Fixed 6 duplicate /gene - cheB_1 cheB_2 cheB_3 cheB_4 cheB_5 cheB_6
[15:21:47] Fixed 6 duplicate /gene - tap_1 tap_2 tap_3 tap_4 tap_5 tap_6
[15:21:47] Fixed 2 duplicate /gene - argS_1 argS_2
[15:21:47] Fixed 2 duplicate /gene - nanT_1 nanT_2
[15:21:47] Fixed 4 duplicate /gene - espR_1 espR_2 espR_3 espR_4
[15:21:47] Fixed 2 duplicate /gene - dasB_1 dasB_2
[15:21:47] Fixed 5 duplicate /gene - prmC_1 prmC_2 prmC_3 prmC_4 prmC_5
[15:21:47] Fixed 2 duplicate /gene - proS_1 proS_2
[15:21:47] Fixed 2 duplicate /gene - murAA_1 murAA_2
[15:21:47] Fixed 2 duplicate /gene - agaA_1 agaA_2
[15:21:47] Fixed 3 duplicate /gene - yveA_1 yveA_2 yveA_3
[15:21:47] Fixed 2 duplicate /gene - pyk_1 pyk_2
[15:21:47] Fixed 3 duplicate /gene - hemY_1 hemY_2 hemY_3
[15:21:47] Fixed 2 duplicate /gene - rhtA_1 rhtA_2
[15:21:47] Fixed 2 duplicate /gene - gyrBR_1 gyrBR_2
[15:21:47] Fixed 2 duplicate /gene - tas_1 tas_2
[15:21:47] Fixed 2 duplicate /gene - pfkA2_1 pfkA2_2
[15:21:47] Fixed 5 duplicate /gene - fgd_1 fgd_2 fgd_3 fgd_4 fgd_5
[15:21:47] Fixed 2 duplicate /gene - crcB_1 crcB_2
[15:21:47] Fixed 3 duplicate /gene - cmoM_1 cmoM_2 cmoM_3
[15:21:47] Fixed 2 duplicate /gene - hcaC_1 hcaC_2
[15:21:47] Fixed 3 duplicate /gene - purR_1 purR_2 purR_3
[15:21:47] Fixed 2 duplicate /gene - sigL_1 sigL_2
[15:21:47] Fixed 5 duplicate /gene - inhA_1 inhA_2 inhA_3 inhA_4 inhA_5
[15:21:47] Fixed 2 duplicate /gene - ald_1 ald_2
[15:21:47] Fixed 2 duplicate /gene - hemL_1 hemL_2
[15:21:47] Fixed 2 duplicate /gene - phnF_1 phnF_2
[15:21:47] Fixed 2 duplicate /gene - rpsR1_1 rpsR1_2
[15:21:47] Fixed 3 duplicate /gene - bmr3_1 bmr3_2 bmr3_3
[15:21:47] Fixed 2 duplicate /gene - hcf136_1 hcf136_2
[15:21:47] Fixed 2 duplicate /gene - gpm2_1 gpm2_2
[15:21:47] Fixed 2 duplicate /gene - hyi_1 hyi_2
[15:21:47] Fixed 3 duplicate /gene - rhaR_1 rhaR_2 rhaR_3
[15:21:47] Fixed 2 duplicate /gene - yusV_1 yusV_2
[15:21:47] Fixed 3 duplicate /gene - nicR_1 nicR_2 nicR_3
[15:21:47] Fixed 2 duplicate /gene - ngcF_1 ngcF_2
[15:21:47] Fixed 2 duplicate /gene - fadA5_1 fadA5_2
[15:21:47] Fixed 3 duplicate /gene - fes_1 fes_2 fes_3
[15:21:47] Fixed 5 duplicate /gene - gloB_1 gloB_2 gloB_3 gloB_4 gloB_5
[15:21:47] Fixed 3 duplicate /gene - dppA_1 dppA_2 dppA_3
[15:21:47] Fixed 2 duplicate /gene - yfeW_1 yfeW_2
[15:21:47] Fixed 2 duplicate /gene - oppC_1 oppC_2
[15:21:47] Fixed 2 duplicate /gene - iscS_1 iscS_2
[15:21:47] Fixed 5 duplicate /gene - xerC_1 xerC_2 xerC_3 xerC_4 xerC_5
[15:21:47] Fixed 2 duplicate /gene - livF_1 livF_2
[15:21:47] Fixed 2 duplicate /gene - paoC_1 paoC_2
[15:21:47] Fixed 4 duplicate /gene - aam_1 aam_2 aam_3 aam_4
[15:21:47] Fixed 3 duplicate /gene - gsiC_1 gsiC_2 gsiC_3
[15:21:47] Fixed 4 duplicate /gene - garR_1 garR_2 garR_3 garR_4
[15:21:47] Fixed 2 duplicate /gene - ybjJ_1 ybjJ_2
[15:21:47] Fixed 2 duplicate /gene - mshB_1 mshB_2
[15:21:47] Fixed 3 duplicate /gene - ettA_1 ettA_2 ettA_3
[15:21:47] Fixed 2 duplicate /gene - icd_1 icd_2
[15:21:47] Fixed 3 duplicate /gene - rep_1 rep_2 rep_3
[15:21:47] Fixed 5 duplicate /gene - menE_1 menE_2 menE_3 menE_4 menE_5
[15:21:47] Fixed 2 duplicate /gene - frc_1 frc_2
[15:21:47] Fixed 2 duplicate /gene - hemA_1 hemA_2
[15:21:47] Fixed 2 duplicate /gene - hxpA_1 hxpA_2
[15:21:47] Fixed 2 duplicate /gene - argD_1 argD_2
[15:21:47] Fixed 2 duplicate /gene - tgnB_1 tgnB_2
[15:21:47] Fixed 2 duplicate /gene - nemA_1 nemA_2
[15:21:47] Fixed 3 duplicate /gene - fepC_1 fepC_2 fepC_3
[15:21:47] Fixed 3 duplicate /gene - purD_1 purD_2 purD_3
[15:21:47] Fixed 3 duplicate /gene - citA_1 citA_2 citA_3
[15:21:47] Fixed 17 duplicate /gene - sasA_1 sasA_2 sasA_3 sasA_4 sasA_5 sasA_6 sasA_7 sasA_8 sasA_9 sasA_10 sasA_11 sasA_12 sasA_13 sasA_14 sasA_15 sasA_16 sasA_17
[15:21:47] Fixed 2 duplicate /gene - vldW_1 vldW_2
[15:21:47] Fixed 2 duplicate /gene - mca_1 mca_2
[15:21:47] Fixed 7 duplicate /gene - qacA_1 qacA_2 qacA_3 qacA_4 qacA_5 qacA_6 qacA_7
[15:21:47] Fixed 8 duplicate /gene - araQ_1 araQ_2 araQ_3 araQ_4 araQ_5 araQ_6 araQ_7 araQ_8
[15:21:47] Fixed 3 duplicate /gene - iolG_1 iolG_2 iolG_3
[15:21:47] Fixed 2 duplicate /gene - glnA_1 glnA_2
[15:21:47] Fixed 6 duplicate /gene - rutD_1 rutD_2 rutD_3 rutD_4 rutD_5 rutD_6
[15:21:47] Fixed 2 duplicate /gene - bcr_1 bcr_2
[15:21:47] Fixed 5 duplicate /gene - fadA_1 fadA_2 fadA_3 fadA_4 fadA_5
[15:21:47] Fixed 3 duplicate /gene - opuBB_1 opuBB_2 opuBB_3
[15:21:47] Fixed 2 duplicate /gene - ucpA_1 ucpA_2
[15:21:47] Fixed 3 duplicate /gene - novL_1 novL_2 novL_3
[15:21:47] Fixed 2 duplicate /gene - acm_1 acm_2
[15:21:47] Fixed 4 duplicate /gene - ddpA_1 ddpA_2 ddpA_3 ddpA_4
[15:21:47] Fixed 2 duplicate /gene - aqdR_1 aqdR_2
[15:21:47] Fixed 9 duplicate /gene - mmgC_1 mmgC_2 mmgC_3 mmgC_4 mmgC_5 mmgC_6 mmgC_7 mmgC_8 mmgC_9
[15:21:47] Fixed 2 duplicate /gene - sigK_1 sigK_2
[15:21:47] Fixed 14 duplicate /gene - dhbF_1 dhbF_2 dhbF_3 dhbF_4 dhbF_5 dhbF_6 dhbF_7 dhbF_8 dhbF_9 dhbF_10 dhbF_11 dhbF_12 dhbF_13 dhbF_14
[15:21:47] Fixed 8 duplicate /gene - fabG_1 fabG_2 fabG_3 fabG_4 fabG_5 fabG_6 fabG_7 fabG_8
[15:21:47] Fixed 2 duplicate /gene - lpd_1 lpd_2
[15:21:47] Fixed 2 duplicate /gene - dat_1 dat_2
[15:21:47] Fixed 2 duplicate /gene - gutB_1 gutB_2
[15:21:47] Fixed 2 duplicate /gene - xylG_1 xylG_2
[15:21:47] Fixed 3 duplicate /gene - cocE_1 cocE_2 cocE_3
[15:21:47] Fixed 3 duplicate /gene - ramA_1 ramA_2 ramA_3
[15:21:47] Fixed 6 duplicate /gene - arpA_1 arpA_2 arpA_3 arpA_4 arpA_5 arpA_6
[15:21:47] Fixed 3 duplicate /gene - bcrA_1 bcrA_2 bcrA_3
[15:21:47] Fixed 2 duplicate /gene - tesB_1 tesB_2
[15:21:47] Fixed 2 duplicate /gene - asd_1 asd_2
[15:21:47] Fixed 3 duplicate /gene - yciC_1 yciC_2 yciC_3
[15:21:47] Fixed 2 duplicate /gene - tauD_1 tauD_2
[15:21:47] Fixed 2 duplicate /gene - fadB2_1 fadB2_2
[15:21:47] Fixed 5 duplicate /gene - stp_1 stp_2 stp_3 stp_4 stp_5
[15:21:47] Fixed 3 duplicate /gene - nadE_1 nadE_2 nadE_3
[15:21:47] Fixed 3 duplicate /gene - yheS_1 yheS_2 yheS_3
[15:21:47] Fixed 2 duplicate /gene - cobT_1 cobT_2
[15:21:47] Fixed 3 duplicate /gene - pbuE_1 pbuE_2 pbuE_3
[15:21:47] Fixed 2 duplicate /gene - thrC_1 thrC_2
[15:21:47] Fixed 2 duplicate /gene - ppm1_1 ppm1_2
[15:21:47] Fixed 3 duplicate /gene - narY_1 narY_2 narY_3
[15:21:47] Fixed 2 duplicate /gene - trxB_1 trxB_2
[15:21:47] Fixed 2 duplicate /gene - gcvT_1 gcvT_2
[15:21:47] Fixed 2 duplicate /gene - bceA_1 bceA_2
[15:21:47] Fixed 2 duplicate /gene - desR_1 desR_2
[15:21:47] Fixed 3 duplicate /gene - suaB_1 suaB_2 suaB_3
[15:21:47] Fixed 2 duplicate /gene - arnC_1 arnC_2
[15:21:47] Fixed 2 duplicate /gene - xylB_1 xylB_2
[15:21:47] Fixed 2 duplicate /gene - kdpB_1 kdpB_2
[15:21:47] Fixed 2 duplicate /gene - lspA_1 lspA_2
[15:21:47] Fixed 3 duplicate /gene - malL_1 malL_2 malL_3
[15:21:47] Fixed 2 duplicate /gene - gcvH_1 gcvH_2
[15:21:47] Fixed 7 duplicate /gene - yhdG_1 yhdG_2 yhdG_3 yhdG_4 yhdG_5 yhdG_6 yhdG_7
[15:21:47] Fixed 2 duplicate /gene - prr_1 prr_2
[15:21:47] Fixed 3 duplicate /gene - gabP_1 gabP_2 gabP_3
[15:21:47] Fixed 2 duplicate /gene - yidC_1 yidC_2
[15:21:47] Fixed 4 duplicate /gene - pikAV_1 pikAV_2 pikAV_3 pikAV_4
[15:21:47] Fixed 30 duplicate /gene - btuD_1 btuD_2 btuD_3 btuD_4 btuD_5 btuD_6 btuD_7 btuD_8 btuD_9 btuD_10 btuD_11 btuD_12 btuD_13 btuD_14 btuD_15 btuD_16 btuD_17 btuD_18 btuD_19 btuD_20 btuD_21 btuD_22 btuD_23 btuD_24 btuD_25 btuD_26 btuD_27 btuD_28 btuD_29 btuD_30
[15:21:47] Fixed 4 duplicate /gene - htpX_1 htpX_2 htpX_3 htpX_4
[15:21:47] Fixed 5 duplicate /gene - mbtH_1 mbtH_2 mbtH_3 mbtH_4 mbtH_5
[15:21:47] Fixed 2 duplicate /gene - hcnC_1 hcnC_2
[15:21:47] Fixed 3 duplicate /gene - speE_1 speE_2 speE_3
[15:21:47] Fixed 10 duplicate /gene - drrA_1 drrA_2 drrA_3 drrA_4 drrA_5 drrA_6 drrA_7 drrA_8 drrA_9 drrA_10
[15:21:47] Fixed 2 duplicate /gene - acpM_1 acpM_2
[15:21:47] Fixed 2 duplicate /gene - dcuS_1 dcuS_2
[15:21:47] Fixed 3 duplicate /gene - degA_1 degA_2 degA_3
[15:21:47] Fixed 2 duplicate /gene - cobB_1 cobB_2
[15:21:47] Fixed 2 duplicate /gene - katA_1 katA_2
[15:21:47] Fixed 7 duplicate /gene - liaR_1 liaR_2 liaR_3 liaR_4 liaR_5 liaR_6 liaR_7
[15:21:47] Fixed 4 duplicate /gene - hcaR_1 hcaR_2 hcaR_3 hcaR_4
[15:21:47] Fixed 2 duplicate /gene - pgl_1 pgl_2
[15:21:47] Fixed 2 duplicate /gene - bkdA_1 bkdA_2
[15:21:47] Fixed 2 duplicate /gene - nuoL_1 nuoL_2
[15:21:47] Fixed 2 duplicate /gene - ramB_1 ramB_2
[15:21:47] Fixed 6 duplicate /gene - sigJ_1 sigJ_2 sigJ_3 sigJ_4 sigJ_5 sigJ_6
[15:21:47] Fixed 2 duplicate /gene - fadD3_1 fadD3_2
[15:21:47] Fixed 4 duplicate /gene - ydhP_1 ydhP_2 ydhP_3 ydhP_4
[15:21:47] Fixed 2 duplicate /gene - dosT_1 dosT_2
[15:21:47] Fixed 10 duplicate /gene - lnrK_1 lnrK_2 lnrK_3 lnrK_4 lnrK_5 lnrK_6 lnrK_7 lnrK_8 lnrK_9 lnrK_10
[15:21:47] Fixed 3 duplicate /gene - ctpA_1 ctpA_2 ctpA_3
[15:21:47] Fixed 2 duplicate /gene - aidB_1 aidB_2
[15:21:47] Fixed 2 duplicate /gene - iclR_1 iclR_2
[15:21:47] Fixed 3 duplicate /gene - paaJ_1 paaJ_2 paaJ_3
[15:21:47] Fixed 5 duplicate /gene - hcaB_1 hcaB_2 hcaB_3 hcaB_4 hcaB_5
[15:21:47] Fixed 2 duplicate /gene - zur_1 zur_2
[15:21:47] Fixed 2 duplicate /gene - coaBC_1 coaBC_2
[15:21:47] Fixed 2 duplicate /gene - csbX_1 csbX_2
[15:21:47] Fixed 2 duplicate /gene - gdx_1 gdx_2
[15:21:47] Fixed 5 duplicate /gene - glpR_1 glpR_2 glpR_3 glpR_4 glpR_5
[15:21:47] Fixed 3 duplicate /gene - srlR_1 srlR_2 srlR_3
[15:21:47] Fixed 4 duplicate /gene - nagZ_1 nagZ_2 nagZ_3 nagZ_4
[15:21:47] Fixed 4 duplicate /gene - sbnA_1 sbnA_2 sbnA_3 sbnA_4
[15:21:47] Fixed 2 duplicate /gene - rdlA_1 rdlA_2
[15:21:47] Fixed 3 duplicate /gene - rsbV_1 rsbV_2 rsbV_3
[15:21:47] Fixed 524 colliding /gene names.
[15:21:47] Adding /locus_tag identifiers
[15:21:48] Assigned 7752 locus_tags to CDS and RNA features.
[15:21:48] Writing outputs to HP126_prokka_output/
[15:22:05] Generating annotation statistics file
[15:22:05] Generating Genbank and Sequin files
[15:22:05] Running: tbl2asn -V b -a r10k -l paired-ends -M n -N 1 -y 'Annotated using prokka 1.14.6 from https://github.com/tseemann/prokka' -Z HP126_prokka_output\/output_name\.err -i HP126_prokka_output\/output_name\.fsa 2> /dev/null
[15:22:25] Deleting unwanted file: HP126_prokka_output/errorsummary.val
[15:22:25] Deleting unwanted file: HP126_prokka_output/output_name.dr
[15:22:25] Deleting unwanted file: HP126_prokka_output/output_name.fixedproducts
[15:22:25] Deleting unwanted file: HP126_prokka_output/output_name.ecn
[15:22:25] Deleting unwanted file: HP126_prokka_output/output_name.val
[15:22:25] Repairing broken .GBK output that tbl2asn produces...
[15:22:25] Running: sed 's/COORDINATES: profile/COORDINATES:profile/' < HP126_prokka_output\/output_name\.gbf > HP126_prokka_output\/output_name\.gbk
[15:22:26] Deleting unwanted file: HP126_prokka_output/output_name.gbf
[15:22:26] Output files:
[15:22:26] HP126_prokka_output/output_name.log
[15:22:26] HP126_prokka_output/output_name.fna
[15:22:26] HP126_prokka_output/output_name.gff
[15:22:26] HP126_prokka_output/output_name.faa
[15:22:26] HP126_prokka_output/output_name.ffn
[15:22:26] HP126_prokka_output/output_name.tbl
[15:22:26] HP126_prokka_output/output_name.fsa
[15:22:26] HP126_prokka_output/output_name.tsv
[15:22:26] HP126_prokka_output/output_name.txt
[15:22:26] HP126_prokka_output/output_name.gbk
[15:22:26] HP126_prokka_output/output_name.sqn
[15:22:26] HP126_prokka_output/output_name.err
[15:22:26] Annotation finished successfully.
[15:22:26] Walltime used: 10.80 minutes
[15:22:26] If you use this result please cite the Prokka paper:
[15:22:26] Seemann T (2014) Prokka: rapid prokaryotic genome annotation. Bioinformatics. 30(14):2068-9.
[15:22:26] Type 'prokka --citation' for more details.
[15:22:26] Thank you, come again.
