/sw/bioinfo/quast/5.0.2/rackham/bin/quast.py /home/lukasa/Genome_analysis_project/04-mapping_polishing/polished_assembly_72.fasta -r /home/lukasa/Genome_analysis_project/raw_data/reference_genome/R7_genome.fasta -o /home/lukasa/Genome_analysis_project/04-mapping_polishing/R7_polished_assembly --threads 8

Version: 5.0.2

System information:
  OS: Linux-3.10.0-1160.119.1.el7.x86_64-x86_64-with-centos-7.9.2009-Core (linux_64)
  Python version: 3.7.2
  CPUs number: 16

Started: 2025-04-22 16:10:46

Logging to /home/lukasa/Genome_analysis_project/04-mapping_polishing/R7_polished_assembly/quast.log

CWD: /domus/h1/lukasa/Genome_analysis_project/scripts/03-scripts_DNA_assembly
Main parameters: 
  MODE: default, threads: 8, minimum contig length: 500, minimum alignment length: 65, \
  ambiguity: one, threshold for extensive misassembly size: 1000

Reference:
  /home/lukasa/Genome_analysis_project/raw_data/reference_genome/R7_genome.fasta ==> R7_genome

Contigs:
  Pre-processing...
  /home/lukasa/Genome_analysis_project/04-mapping_polishing/polished_assembly_72.fasta ==> polished_assembly_72

2025-04-22 16:10:48
Running Basic statistics processor...
  Reference genome:
    R7_genome.fasta, length = 9660595, num fragments = 2, GC % = 71.88
  Contig files: 
    polished_assembly_72
  Calculating N50 and L50...
    polished_assembly_72, N50 = 9361213, L50 = 1, Total length = 9653782, GC % = 71.89, # N's per 100 kbp =  0.00
  Drawing Nx plot...
    saved to /home/lukasa/Genome_analysis_project/04-mapping_polishing/R7_polished_assembly/basic_stats/Nx_plot.pdf
  Drawing NGx plot...
    saved to /home/lukasa/Genome_analysis_project/04-mapping_polishing/R7_polished_assembly/basic_stats/NGx_plot.pdf
  Drawing cumulative plot...
    saved to /home/lukasa/Genome_analysis_project/04-mapping_polishing/R7_polished_assembly/basic_stats/cumulative_plot.pdf
  Drawing GC content plot...
    saved to /home/lukasa/Genome_analysis_project/04-mapping_polishing/R7_polished_assembly/basic_stats/GC_content_plot.pdf
  Drawing polished_assembly_72 GC content plot...
    saved to /home/lukasa/Genome_analysis_project/04-mapping_polishing/R7_polished_assembly/basic_stats/polished_assembly_72_GC_content_plot.pdf
Done.

2025-04-22 16:10:51
Running Contig analyzer...
  polished_assembly_72
  Logging to files /home/lukasa/Genome_analysis_project/04-mapping_polishing/R7_polished_assembly/contigs_reports/contigs_report_polished_assembly_72.stdout and contigs_report_polished_assembly_72.stderr...
  Aligning contigs to the reference
  /sw/bioinfo/quast/5.0.2/rackham/lib/python3.7/site-packages/quast_libs/minimap2/minimap2 \
  -c -x asm5 -B5 -O4,16 --no-long-join -r 85 -N 50 -s 65 -z 200 --mask-level 0.9 --min-occ \
  200 -g 2500 --score-N 2 --cs -t 8 /home/lukasa/Genome_analysis_project/04-mapping_polishing/R7_polished_assembly/quast_corrected_input/R7_genome.fasta \
  /home/lukasa/Genome_analysis_project/04-mapping_polishing/R7_polished_assembly/quast_corrected_input/polished_assembly_72.fasta \
  > /home/lukasa/Genome_analysis_project/04-mapping_polishing/R7_polished_assembly/contigs_reports/minimap_output/polished_assembly_72.coords_tmp \
  2>> /home/lukasa/Genome_analysis_project/04-mapping_polishing/R7_polished_assembly/contigs_reports/contigs_report_polished_assembly_72.stderr
  Analysis is finished.

  Creating total report...
    saved to /home/lukasa/Genome_analysis_project/04-mapping_polishing/R7_polished_assembly/contigs_reports/misassemblies_report.txt, misassemblies_report.tsv, and misassemblies_report.tex
  Transposed version of total report...
    saved to /home/lukasa/Genome_analysis_project/04-mapping_polishing/R7_polished_assembly/contigs_reports/transposed_report_misassemblies.txt, transposed_report_misassemblies.tsv, and transposed_report_misassemblies.tex
  Creating total report...
    saved to /home/lukasa/Genome_analysis_project/04-mapping_polishing/R7_polished_assembly/contigs_reports/unaligned_report.txt, unaligned_report.tsv, and unaligned_report.tex
  Drawing misassemblies by types plot...
    saved to /home/lukasa/Genome_analysis_project/04-mapping_polishing/R7_polished_assembly/contigs_reports/misassemblies_plot.pdf
  Drawing misassemblies FRCurve plot...
    saved to /home/lukasa/Genome_analysis_project/04-mapping_polishing/R7_polished_assembly/contigs_reports/misassemblies_frcurve_plot.pdf
Done.

2025-04-22 16:10:58
Running NA-NGA calculation...
  polished_assembly_72, Largest alignment = 9361213, NA50 = 9361213, NGA50 = 9361213, LA50 = 1, LGA50 = 1
  Drawing cumulative plot...
    saved to /home/lukasa/Genome_analysis_project/04-mapping_polishing/R7_polished_assembly/aligned_stats/cumulative_plot.pdf
  Drawing NAx plot...
    saved to /home/lukasa/Genome_analysis_project/04-mapping_polishing/R7_polished_assembly/aligned_stats/NAx_plot.pdf
  Drawing NGAx plot...
    saved to /home/lukasa/Genome_analysis_project/04-mapping_polishing/R7_polished_assembly/aligned_stats/NGAx_plot.pdf
Done.

2025-04-22 16:10:59
Running Genome analyzer...
  NOTICE: No file with genomic features were provided. Use the --features option if you want to specify it.

  NOTICE: No file with operons were provided. Use the -O option if you want to specify it.
  polished_assembly_72
  Analysis is finished.
  Skipping drawing Genome fraction, % histogram... (less than 2 columns histogram makes no sense)
Done.

NOTICE: Genes are not predicted by default. Use --gene-finding or --glimmer option to enable it.

2025-04-22 16:11:03
Creating large visual summaries...
This may take a while: press Ctrl-C to skip this step..
  1 of 2: Creating Icarus viewers...
  2 of 2: Creating PDF with all tables and plots...
Done

2025-04-22 16:11:05
RESULTS:
  Text versions of total report are saved to /home/lukasa/Genome_analysis_project/04-mapping_polishing/R7_polished_assembly/report.txt, report.tsv, and report.tex
  Text versions of transposed total report are saved to /home/lukasa/Genome_analysis_project/04-mapping_polishing/R7_polished_assembly/transposed_report.txt, transposed_report.tsv, and transposed_report.tex
  HTML version (interactive tables and plots) is saved to /home/lukasa/Genome_analysis_project/04-mapping_polishing/R7_polished_assembly/report.html
  PDF version (tables and plots) is saved to /home/lukasa/Genome_analysis_project/04-mapping_polishing/R7_polished_assembly/report.pdf
  Icarus (contig browser) is saved to /home/lukasa/Genome_analysis_project/04-mapping_polishing/R7_polished_assembly/icarus.html
  Log is saved to /home/lukasa/Genome_analysis_project/04-mapping_polishing/R7_polished_assembly/quast.log

Finished: 2025-04-22 16:11:05
Elapsed time: 0:00:19.173689
NOTICEs: 3; WARNINGs: 0; non-fatal ERRORs: 0

Thank you for using QUAST!
